{"C:\\Users\\Gabriel\\Documents\\codes\\unit-testing-jest\\src\\clients\\locationiq.js": {"path":"C:\\Users\\Gabriel\\Documents\\codes\\unit-testing-jest\\src\\clients\\locationiq.js","statementMap":{"0":{"start":{"line":1,"column":14},"end":{"line":1,"column":30}},"1":{"start":{"line":2,"column":15},"end":{"line":2,"column":41}},"2":{"start":{"line":3,"column":35},"end":{"line":3,"column":67}},"3":{"start":{"line":9,"column":4},"end":{"line":9,"column":27}},"4":{"start":{"line":11,"column":0},"end":{"line":13,"column":1}},"5":{"start":{"line":12,"column":2},"end":{"line":12,"column":82}},"6":{"start":{"line":25,"column":28},"end":{"line":46,"column":1}},"7":{"start":{"line":26,"column":2},"end":{"line":45,"column":3}},"8":{"start":{"line":27,"column":4},"end":{"line":27,"column":82}},"9":{"start":{"line":29,"column":21},"end":{"line":39,"column":6}},"10":{"start":{"line":41,"column":4},"end":{"line":41,"column":99}},"11":{"start":{"line":42,"column":4},"end":{"line":42,"column":30}},"12":{"start":{"line":44,"column":4},"end":{"line":44,"column":91}},"13":{"start":{"line":57,"column":30},"end":{"line":85,"column":1}},"14":{"start":{"line":58,"column":2},"end":{"line":84,"column":3}},"15":{"start":{"line":59,"column":4},"end":{"line":59,"column":67}},"16":{"start":{"line":61,"column":21},"end":{"line":69,"column":6}},"17":{"start":{"line":71,"column":17},"end":{"line":71,"column":36}},"18":{"start":{"line":72,"column":4},"end":{"line":75,"column":5}},"19":{"start":{"line":73,"column":6},"end":{"line":73,"column":72}},"20":{"start":{"line":74,"column":6},"end":{"line":74,"column":65}},"21":{"start":{"line":77,"column":4},"end":{"line":77,"column":84}},"22":{"start":{"line":78,"column":4},"end":{"line":78,"column":18}},"23":{"start":{"line":80,"column":4},"end":{"line":82,"column":5}},"24":{"start":{"line":81,"column":6},"end":{"line":81,"column":17}},"25":{"start":{"line":83,"column":4},"end":{"line":83,"column":93}},"26":{"start":{"line":96,"column":30},"end":{"line":115,"column":1}},"27":{"start":{"line":97,"column":2},"end":{"line":114,"column":3}},"28":{"start":{"line":98,"column":4},"end":{"line":98,"column":79}},"29":{"start":{"line":100,"column":21},"end":{"line":108,"column":6}},"30":{"start":{"line":110,"column":4},"end":{"line":110,"column":54}},"31":{"start":{"line":111,"column":4},"end":{"line":111,"column":24}},"32":{"start":{"line":113,"column":4},"end":{"line":113,"column":93}},"33":{"start":{"line":117,"column":0},"end":{"line":121,"column":1}}},"fnMap":{"0":{"name":"(anonymous_0)","decl":{"start":{"line":25,"column":28},"end":{"line":25,"column":29}},"loc":{"start":{"line":25,"column":77},"end":{"line":46,"column":1}},"line":25},"1":{"name":"(anonymous_1)","decl":{"start":{"line":57,"column":30},"end":{"line":57,"column":31}},"loc":{"start":{"line":57,"column":62},"end":{"line":85,"column":1}},"line":57},"2":{"name":"(anonymous_2)","decl":{"start":{"line":96,"column":30},"end":{"line":96,"column":31}},"loc":{"start":{"line":96,"column":61},"end":{"line":115,"column":1}},"line":96}},"branchMap":{"0":{"loc":{"start":{"line":11,"column":0},"end":{"line":13,"column":1}},"type":"if","locations":[{"start":{"line":11,"column":0},"end":{"line":13,"column":1}},{"start":{},"end":{}}],"line":11},"1":{"loc":{"start":{"line":41,"column":69},"end":{"line":41,"column":88}},"type":"binary-expr","locations":[{"start":{"line":41,"column":69},"end":{"line":41,"column":82}},{"start":{"line":41,"column":86},"end":{"line":41,"column":88}}],"line":41},"2":{"loc":{"start":{"line":42,"column":11},"end":{"line":42,"column":30}},"type":"binary-expr","locations":[{"start":{"line":42,"column":11},"end":{"line":42,"column":24}},{"start":{"line":42,"column":28},"end":{"line":42,"column":30}}],"line":42},"3":{"loc":{"start":{"line":71,"column":17},"end":{"line":71,"column":36}},"type":"binary-expr","locations":[{"start":{"line":71,"column":17},"end":{"line":71,"column":30}},{"start":{"line":71,"column":34},"end":{"line":71,"column":36}}],"line":71},"4":{"loc":{"start":{"line":72,"column":4},"end":{"line":75,"column":5}},"type":"if","locations":[{"start":{"line":72,"column":4},"end":{"line":75,"column":5}},{"start":{},"end":{}}],"line":72},"5":{"loc":{"start":{"line":80,"column":4},"end":{"line":82,"column":5}},"type":"if","locations":[{"start":{"line":80,"column":4},"end":{"line":82,"column":5}},{"start":{},"end":{}}],"line":80}},"s":{"0":13,"1":13,"2":13,"3":13,"4":13,"5":1,"6":13,"7":3,"8":3,"9":3,"10":2,"11":2,"12":1,"13":13,"14":5,"15":5,"16":5,"17":4,"18":4,"19":2,"20":2,"21":2,"22":2,"23":3,"24":2,"25":1,"26":13,"27":3,"28":3,"29":3,"30":2,"31":2,"32":1,"33":13},"f":{"0":3,"1":5,"2":3},"b":{"0":[1,12],"1":[2,1],"2":[2,1],"3":[4,1],"4":[2,2],"5":[2,1]},"_coverageSchema":"1a1c01bbd47fc00a2c39e90264f33305004495a9","hash":"c0b96bfcc2f2ce444b1e8f1850d2342b7e7ae049"}
,"C:\\Users\\Gabriel\\Documents\\codes\\unit-testing-jest\\src\\controllers\\reservationController.js": {"path":"C:\\Users\\Gabriel\\Documents\\codes\\unit-testing-jest\\src\\controllers\\reservationController.js","statementMap":{"0":{"start":{"line":1,"column":27},"end":{"line":1,"column":68}},"1":{"start":{"line":2,"column":56},"end":{"line":2,"column":91}},"2":{"start":{"line":12,"column":4},"end":{"line":12,"column":27}},"3":{"start":{"line":14,"column":27},"end":{"line":26,"column":1}},"4":{"start":{"line":15,"column":2},"end":{"line":25,"column":3}},"5":{"start":{"line":16,"column":30},"end":{"line":16,"column":39}},"6":{"start":{"line":18,"column":25},"end":{"line":20,"column":53}},"7":{"start":{"line":22,"column":4},"end":{"line":22,"column":50}},"8":{"start":{"line":24,"column":4},"end":{"line":24,"column":50}},"9":{"start":{"line":28,"column":26},"end":{"line":38,"column":1}},"10":{"start":{"line":29,"column":2},"end":{"line":37,"column":3}},"11":{"start":{"line":30,"column":27},"end":{"line":30,"column":79}},"12":{"start":{"line":31,"column":4},"end":{"line":31,"column":86}},"13":{"start":{"line":33,"column":4},"end":{"line":35,"column":5}},"14":{"start":{"line":34,"column":6},"end":{"line":34,"column":60}},"15":{"start":{"line":36,"column":4},"end":{"line":36,"column":50}},"16":{"start":{"line":40,"column":27},"end":{"line":53,"column":1}},"17":{"start":{"line":41,"column":2},"end":{"line":52,"column":3}},"18":{"start":{"line":42,"column":19},"end":{"line":42,"column":29}},"19":{"start":{"line":43,"column":24},"end":{"line":43,"column":71}},"20":{"start":{"line":45,"column":4},"end":{"line":47,"column":5}},"21":{"start":{"line":46,"column":6},"end":{"line":46,"column":61}},"22":{"start":{"line":49,"column":4},"end":{"line":49,"column":49}},"23":{"start":{"line":51,"column":4},"end":{"line":51,"column":50}},"24":{"start":{"line":55,"column":26},"end":{"line":69,"column":1}},"25":{"start":{"line":56,"column":2},"end":{"line":68,"column":3}},"26":{"start":{"line":57,"column":19},"end":{"line":57,"column":29}},"27":{"start":{"line":58,"column":31},"end":{"line":58,"column":87}},"28":{"start":{"line":59,"column":4},"end":{"line":59,"column":85}},"29":{"start":{"line":61,"column":4},"end":{"line":63,"column":5}},"30":{"start":{"line":62,"column":6},"end":{"line":62,"column":61}},"31":{"start":{"line":64,"column":4},"end":{"line":66,"column":5}},"32":{"start":{"line":65,"column":6},"end":{"line":65,"column":60}},"33":{"start":{"line":67,"column":4},"end":{"line":67,"column":50}},"34":{"start":{"line":71,"column":26},"end":{"line":82,"column":1}},"35":{"start":{"line":72,"column":2},"end":{"line":81,"column":3}},"36":{"start":{"line":73,"column":19},"end":{"line":73,"column":29}},"37":{"start":{"line":74,"column":19},"end":{"line":74,"column":65}},"38":{"start":{"line":75,"column":4},"end":{"line":75,"column":73}},"39":{"start":{"line":77,"column":4},"end":{"line":79,"column":5}},"40":{"start":{"line":78,"column":6},"end":{"line":78,"column":61}},"41":{"start":{"line":80,"column":4},"end":{"line":80,"column":50}},"42":{"start":{"line":84,"column":26},"end":{"line":95,"column":1}},"43":{"start":{"line":85,"column":2},"end":{"line":94,"column":3}},"44":{"start":{"line":86,"column":19},"end":{"line":86,"column":29}},"45":{"start":{"line":87,"column":19},"end":{"line":87,"column":65}},"46":{"start":{"line":88,"column":4},"end":{"line":88,"column":75}},"47":{"start":{"line":90,"column":4},"end":{"line":92,"column":5}},"48":{"start":{"line":91,"column":6},"end":{"line":91,"column":61}},"49":{"start":{"line":93,"column":4},"end":{"line":93,"column":50}},"50":{"start":{"line":97,"column":0},"end":{"line":104,"column":1}}},"fnMap":{"0":{"name":"(anonymous_0)","decl":{"start":{"line":14,"column":27},"end":{"line":14,"column":28}},"loc":{"start":{"line":14,"column":47},"end":{"line":26,"column":1}},"line":14},"1":{"name":"(anonymous_1)","decl":{"start":{"line":28,"column":26},"end":{"line":28,"column":27}},"loc":{"start":{"line":28,"column":46},"end":{"line":38,"column":1}},"line":28},"2":{"name":"(anonymous_2)","decl":{"start":{"line":40,"column":27},"end":{"line":40,"column":28}},"loc":{"start":{"line":40,"column":47},"end":{"line":53,"column":1}},"line":40},"3":{"name":"(anonymous_3)","decl":{"start":{"line":55,"column":26},"end":{"line":55,"column":27}},"loc":{"start":{"line":55,"column":46},"end":{"line":69,"column":1}},"line":55},"4":{"name":"(anonymous_4)","decl":{"start":{"line":71,"column":26},"end":{"line":71,"column":27}},"loc":{"start":{"line":71,"column":46},"end":{"line":82,"column":1}},"line":71},"5":{"name":"(anonymous_5)","decl":{"start":{"line":84,"column":26},"end":{"line":84,"column":27}},"loc":{"start":{"line":84,"column":46},"end":{"line":95,"column":1}},"line":84}},"branchMap":{"0":{"loc":{"start":{"line":18,"column":25},"end":{"line":20,"column":53}},"type":"cond-expr","locations":[{"start":{"line":19,"column":8},"end":{"line":19,"column":77}},{"start":{"line":20,"column":8},"end":{"line":20,"column":53}}],"line":18},"1":{"loc":{"start":{"line":33,"column":4},"end":{"line":35,"column":5}},"type":"if","locations":[{"start":{"line":33,"column":4},"end":{"line":35,"column":5}},{"start":{},"end":{}}],"line":33},"2":{"loc":{"start":{"line":45,"column":4},"end":{"line":47,"column":5}},"type":"if","locations":[{"start":{"line":45,"column":4},"end":{"line":47,"column":5}},{"start":{},"end":{}}],"line":45},"3":{"loc":{"start":{"line":61,"column":4},"end":{"line":63,"column":5}},"type":"if","locations":[{"start":{"line":61,"column":4},"end":{"line":63,"column":5}},{"start":{},"end":{}}],"line":61},"4":{"loc":{"start":{"line":64,"column":4},"end":{"line":66,"column":5}},"type":"if","locations":[{"start":{"line":64,"column":4},"end":{"line":66,"column":5}},{"start":{},"end":{}}],"line":64},"5":{"loc":{"start":{"line":77,"column":4},"end":{"line":79,"column":5}},"type":"if","locations":[{"start":{"line":77,"column":4},"end":{"line":79,"column":5}},{"start":{},"end":{}}],"line":77},"6":{"loc":{"start":{"line":90,"column":4},"end":{"line":92,"column":5}},"type":"if","locations":[{"start":{"line":90,"column":4},"end":{"line":92,"column":5}},{"start":{},"end":{}}],"line":90}},"s":{"0":1,"1":1,"2":1,"3":1,"4":3,"5":3,"6":3,"7":2,"8":1,"9":1,"10":3,"11":3,"12":1,"13":2,"14":1,"15":1,"16":1,"17":3,"18":3,"19":3,"20":2,"21":1,"22":1,"23":1,"24":1,"25":4,"26":4,"27":4,"28":1,"29":3,"30":1,"31":2,"32":1,"33":1,"34":1,"35":3,"36":3,"37":3,"38":1,"39":2,"40":1,"41":1,"42":1,"43":3,"44":3,"45":3,"46":1,"47":2,"48":1,"49":1,"50":1},"f":{"0":3,"1":3,"2":3,"3":4,"4":3,"5":3},"b":{"0":[1,2],"1":[1,1],"2":[1,1],"3":[1,2],"4":[1,1],"5":[1,1],"6":[1,1]},"_coverageSchema":"1a1c01bbd47fc00a2c39e90264f33305004495a9","hash":"17149dad492c10005571c1a0bce84554f9cac9ec"}
,"C:\\Users\\Gabriel\\Documents\\codes\\unit-testing-jest\\src\\controllers\\restaurantController.js": {"path":"C:\\Users\\Gabriel\\Documents\\codes\\unit-testing-jest\\src\\controllers\\restaurantController.js","statementMap":{"0":{"start":{"line":1,"column":26},"end":{"line":1,"column":66}},"1":{"start":{"line":2,"column":56},"end":{"line":2,"column":91}},"2":{"start":{"line":10,"column":4},"end":{"line":10,"column":27}},"3":{"start":{"line":12,"column":26},"end":{"line":19,"column":1}},"4":{"start":{"line":13,"column":2},"end":{"line":18,"column":3}},"5":{"start":{"line":14,"column":24},"end":{"line":14,"column":67}},"6":{"start":{"line":15,"column":4},"end":{"line":15,"column":49}},"7":{"start":{"line":17,"column":4},"end":{"line":17,"column":50}},"8":{"start":{"line":21,"column":25},"end":{"line":28,"column":1}},"9":{"start":{"line":22,"column":2},"end":{"line":27,"column":3}},"10":{"start":{"line":23,"column":26},"end":{"line":23,"column":76}},"11":{"start":{"line":24,"column":4},"end":{"line":24,"column":84}},"12":{"start":{"line":26,"column":4},"end":{"line":26,"column":50}},"13":{"start":{"line":30,"column":26},"end":{"line":43,"column":1}},"14":{"start":{"line":31,"column":2},"end":{"line":42,"column":3}},"15":{"start":{"line":32,"column":19},"end":{"line":32,"column":29}},"16":{"start":{"line":33,"column":23},"end":{"line":33,"column":68}},"17":{"start":{"line":35,"column":4},"end":{"line":37,"column":5}},"18":{"start":{"line":36,"column":6},"end":{"line":36,"column":60}},"19":{"start":{"line":39,"column":4},"end":{"line":39,"column":48}},"20":{"start":{"line":41,"column":4},"end":{"line":41,"column":50}},"21":{"start":{"line":45,"column":25},"end":{"line":56,"column":1}},"22":{"start":{"line":46,"column":2},"end":{"line":55,"column":3}},"23":{"start":{"line":47,"column":19},"end":{"line":47,"column":29}},"24":{"start":{"line":48,"column":30},"end":{"line":48,"column":84}},"25":{"start":{"line":49,"column":4},"end":{"line":49,"column":83}},"26":{"start":{"line":51,"column":4},"end":{"line":53,"column":5}},"27":{"start":{"line":52,"column":6},"end":{"line":52,"column":60}},"28":{"start":{"line":54,"column":4},"end":{"line":54,"column":50}},"29":{"start":{"line":58,"column":25},"end":{"line":69,"column":1}},"30":{"start":{"line":59,"column":2},"end":{"line":68,"column":3}},"31":{"start":{"line":60,"column":19},"end":{"line":60,"column":29}},"32":{"start":{"line":61,"column":19},"end":{"line":61,"column":63}},"33":{"start":{"line":62,"column":4},"end":{"line":62,"column":72}},"34":{"start":{"line":64,"column":4},"end":{"line":66,"column":5}},"35":{"start":{"line":65,"column":6},"end":{"line":65,"column":60}},"36":{"start":{"line":67,"column":4},"end":{"line":67,"column":50}},"37":{"start":{"line":71,"column":32},"end":{"line":84,"column":1}},"38":{"start":{"line":72,"column":2},"end":{"line":83,"column":3}},"39":{"start":{"line":73,"column":75},"end":{"line":73,"column":84}},"40":{"start":{"line":74,"column":19},"end":{"line":79,"column":5}},"41":{"start":{"line":80,"column":4},"end":{"line":80,"column":43}},"42":{"start":{"line":82,"column":4},"end":{"line":82,"column":50}},"43":{"start":{"line":86,"column":0},"end":{"line":93,"column":1}}},"fnMap":{"0":{"name":"(anonymous_0)","decl":{"start":{"line":12,"column":26},"end":{"line":12,"column":27}},"loc":{"start":{"line":12,"column":46},"end":{"line":19,"column":1}},"line":12},"1":{"name":"(anonymous_1)","decl":{"start":{"line":21,"column":25},"end":{"line":21,"column":26}},"loc":{"start":{"line":21,"column":45},"end":{"line":28,"column":1}},"line":21},"2":{"name":"(anonymous_2)","decl":{"start":{"line":30,"column":26},"end":{"line":30,"column":27}},"loc":{"start":{"line":30,"column":46},"end":{"line":43,"column":1}},"line":30},"3":{"name":"(anonymous_3)","decl":{"start":{"line":45,"column":25},"end":{"line":45,"column":26}},"loc":{"start":{"line":45,"column":45},"end":{"line":56,"column":1}},"line":45},"4":{"name":"(anonymous_4)","decl":{"start":{"line":58,"column":25},"end":{"line":58,"column":26}},"loc":{"start":{"line":58,"column":45},"end":{"line":69,"column":1}},"line":58},"5":{"name":"(anonymous_5)","decl":{"start":{"line":71,"column":32},"end":{"line":71,"column":33}},"loc":{"start":{"line":71,"column":52},"end":{"line":84,"column":1}},"line":71}},"branchMap":{"0":{"loc":{"start":{"line":35,"column":4},"end":{"line":37,"column":5}},"type":"if","locations":[{"start":{"line":35,"column":4},"end":{"line":37,"column":5}},{"start":{},"end":{}}],"line":35},"1":{"loc":{"start":{"line":51,"column":4},"end":{"line":53,"column":5}},"type":"if","locations":[{"start":{"line":51,"column":4},"end":{"line":53,"column":5}},{"start":{},"end":{}}],"line":51},"2":{"loc":{"start":{"line":64,"column":4},"end":{"line":66,"column":5}},"type":"if","locations":[{"start":{"line":64,"column":4},"end":{"line":66,"column":5}},{"start":{},"end":{}}],"line":64},"3":{"loc":{"start":{"line":73,"column":33},"end":{"line":73,"column":46}},"type":"default-arg","locations":[{"start":{"line":73,"column":42},"end":{"line":73,"column":46}}],"line":73},"4":{"loc":{"start":{"line":73,"column":48},"end":{"line":73,"column":70}},"type":"default-arg","locations":[{"start":{"line":73,"column":58},"end":{"line":73,"column":70}}],"line":73}},"s":{"0":1,"1":1,"2":1,"3":1,"4":2,"5":2,"6":1,"7":1,"8":1,"9":2,"10":2,"11":1,"12":1,"13":1,"14":3,"15":3,"16":3,"17":2,"18":1,"19":1,"20":1,"21":1,"22":3,"23":3,"24":3,"25":1,"26":2,"27":1,"28":1,"29":1,"30":3,"31":3,"32":3,"33":1,"34":2,"35":1,"36":1,"37":1,"38":3,"39":3,"40":3,"41":2,"42":1,"43":1},"f":{"0":2,"1":2,"2":3,"3":3,"4":3,"5":3},"b":{"0":[1,1],"1":[1,1],"2":[1,1],"3":[2],"4":[2]},"_coverageSchema":"1a1c01bbd47fc00a2c39e90264f33305004495a9","hash":"704744dc5ef295c4ade54cb915ac5ee93ebb96c8"}
,"C:\\Users\\Gabriel\\Documents\\codes\\unit-testing-jest\\src\\middlewares\\locationiqValidator.js": {"path":"C:\\Users\\Gabriel\\Documents\\codes\\unit-testing-jest\\src\\middlewares\\locationiqValidator.js","statementMap":{"0":{"start":{"line":1,"column":32},"end":{"line":1,"column":67}},"1":{"start":{"line":9,"column":28},"end":{"line":21,"column":1}},"2":{"start":{"line":10,"column":2},"end":{"line":12,"column":3}},"3":{"start":{"line":11,"column":4},"end":{"line":11,"column":61}},"4":{"start":{"line":14,"column":2},"end":{"line":16,"column":3}},"5":{"start":{"line":15,"column":4},"end":{"line":15,"column":58}},"6":{"start":{"line":18,"column":2},"end":{"line":20,"column":3}},"7":{"start":{"line":19,"column":4},"end":{"line":19,"column":61}},"8":{"start":{"line":28,"column":29},"end":{"line":32,"column":1}},"9":{"start":{"line":29,"column":2},"end":{"line":31,"column":3}},"10":{"start":{"line":30,"column":4},"end":{"line":30,"column":77}},"11":{"start":{"line":43,"column":35},"end":{"line":50,"column":1}},"12":{"start":{"line":44,"column":2},"end":{"line":44,"column":42}},"13":{"start":{"line":45,"column":2},"end":{"line":45,"column":36}},"14":{"start":{"line":47,"column":2},"end":{"line":49,"column":3}},"15":{"start":{"line":48,"column":4},"end":{"line":48,"column":57}},"16":{"start":{"line":52,"column":45},"end":{"line":69,"column":1}},"17":{"start":{"line":53,"column":2},"end":{"line":68,"column":3}},"18":{"start":{"line":54,"column":75},"end":{"line":54,"column":84}},"19":{"start":{"line":56,"column":4},"end":{"line":58,"column":5}},"20":{"start":{"line":57,"column":6},"end":{"line":57,"column":77}},"21":{"start":{"line":60,"column":25},"end":{"line":60,"column":45}},"22":{"start":{"line":61,"column":26},"end":{"line":61,"column":47}},"23":{"start":{"line":62,"column":26},"end":{"line":62,"column":42}},"24":{"start":{"line":64,"column":4},"end":{"line":64,"column":83}},"25":{"start":{"line":65,"column":4},"end":{"line":65,"column":10}},"26":{"start":{"line":67,"column":4},"end":{"line":67,"column":50}},"27":{"start":{"line":76,"column":24},"end":{"line":84,"column":1}},"28":{"start":{"line":77,"column":2},"end":{"line":79,"column":3}},"29":{"start":{"line":78,"column":4},"end":{"line":78,"column":57}},"30":{"start":{"line":81,"column":2},"end":{"line":83,"column":3}},"31":{"start":{"line":82,"column":4},"end":{"line":82,"column":65}},"32":{"start":{"line":86,"column":0},"end":{"line":92,"column":1}}},"fnMap":{"0":{"name":"(anonymous_0)","decl":{"start":{"line":9,"column":28},"end":{"line":9,"column":29}},"loc":{"start":{"line":9,"column":53},"end":{"line":21,"column":1}},"line":9},"1":{"name":"(anonymous_1)","decl":{"start":{"line":28,"column":29},"end":{"line":28,"column":30}},"loc":{"start":{"line":28,"column":47},"end":{"line":32,"column":1}},"line":28},"2":{"name":"(anonymous_2)","decl":{"start":{"line":43,"column":35},"end":{"line":43,"column":36}},"loc":{"start":{"line":43,"column":83},"end":{"line":50,"column":1}},"line":43},"3":{"name":"(anonymous_3)","decl":{"start":{"line":52,"column":45},"end":{"line":52,"column":46}},"loc":{"start":{"line":52,"column":65},"end":{"line":69,"column":1}},"line":52},"4":{"name":"(anonymous_4)","decl":{"start":{"line":76,"column":24},"end":{"line":76,"column":25}},"loc":{"start":{"line":76,"column":37},"end":{"line":84,"column":1}},"line":76}},"branchMap":{"0":{"loc":{"start":{"line":10,"column":2},"end":{"line":12,"column":3}},"type":"if","locations":[{"start":{"line":10,"column":2},"end":{"line":12,"column":3}},{"start":{},"end":{}}],"line":10},"1":{"loc":{"start":{"line":10,"column":6},"end":{"line":10,"column":67}},"type":"binary-expr","locations":[{"start":{"line":10,"column":6},"end":{"line":10,"column":34}},{"start":{"line":10,"column":38},"end":{"line":10,"column":67}}],"line":10},"2":{"loc":{"start":{"line":14,"column":2},"end":{"line":16,"column":3}},"type":"if","locations":[{"start":{"line":14,"column":2},"end":{"line":16,"column":3}},{"start":{},"end":{}}],"line":14},"3":{"loc":{"start":{"line":14,"column":6},"end":{"line":14,"column":37}},"type":"binary-expr","locations":[{"start":{"line":14,"column":6},"end":{"line":14,"column":20}},{"start":{"line":14,"column":24},"end":{"line":14,"column":37}}],"line":14},"4":{"loc":{"start":{"line":18,"column":2},"end":{"line":20,"column":3}},"type":"if","locations":[{"start":{"line":18,"column":2},"end":{"line":20,"column":3}},{"start":{},"end":{}}],"line":18},"5":{"loc":{"start":{"line":18,"column":6},"end":{"line":18,"column":41}},"type":"binary-expr","locations":[{"start":{"line":18,"column":6},"end":{"line":18,"column":22}},{"start":{"line":18,"column":26},"end":{"line":18,"column":41}}],"line":18},"6":{"loc":{"start":{"line":29,"column":2},"end":{"line":31,"column":3}},"type":"if","locations":[{"start":{"line":29,"column":2},"end":{"line":31,"column":3}},{"start":{},"end":{}}],"line":29},"7":{"loc":{"start":{"line":29,"column":6},"end":{"line":29,"column":58}},"type":"binary-expr","locations":[{"start":{"line":29,"column":6},"end":{"line":29,"column":38}},{"start":{"line":29,"column":42},"end":{"line":29,"column":58}}],"line":29},"8":{"loc":{"start":{"line":47,"column":2},"end":{"line":49,"column":3}},"type":"if","locations":[{"start":{"line":47,"column":2},"end":{"line":49,"column":3}},{"start":{},"end":{}}],"line":47},"9":{"loc":{"start":{"line":47,"column":6},"end":{"line":47,"column":45}},"type":"binary-expr","locations":[{"start":{"line":47,"column":6},"end":{"line":47,"column":14}},{"start":{"line":47,"column":18},"end":{"line":47,"column":45}}],"line":47},"10":{"loc":{"start":{"line":54,"column":33},"end":{"line":54,"column":46}},"type":"default-arg","locations":[{"start":{"line":54,"column":42},"end":{"line":54,"column":46}}],"line":54},"11":{"loc":{"start":{"line":54,"column":48},"end":{"line":54,"column":70}},"type":"default-arg","locations":[{"start":{"line":54,"column":58},"end":{"line":54,"column":70}}],"line":54},"12":{"loc":{"start":{"line":56,"column":4},"end":{"line":58,"column":5}},"type":"if","locations":[{"start":{"line":56,"column":4},"end":{"line":58,"column":5}},{"start":{},"end":{}}],"line":56},"13":{"loc":{"start":{"line":56,"column":8},"end":{"line":56,"column":31}},"type":"binary-expr","locations":[{"start":{"line":56,"column":8},"end":{"line":56,"column":17}},{"start":{"line":56,"column":21},"end":{"line":56,"column":31}}],"line":56},"14":{"loc":{"start":{"line":77,"column":2},"end":{"line":79,"column":3}},"type":"if","locations":[{"start":{"line":77,"column":2},"end":{"line":79,"column":3}},{"start":{},"end":{}}],"line":77},"15":{"loc":{"start":{"line":77,"column":6},"end":{"line":77,"column":45}},"type":"binary-expr","locations":[{"start":{"line":77,"column":6},"end":{"line":77,"column":14}},{"start":{"line":77,"column":18},"end":{"line":77,"column":45}}],"line":77},"16":{"loc":{"start":{"line":81,"column":2},"end":{"line":83,"column":3}},"type":"if","locations":[{"start":{"line":81,"column":2},"end":{"line":83,"column":3}},{"start":{},"end":{}}],"line":81}},"s":{"0":1,"1":1,"2":26,"3":4,"4":22,"5":3,"6":19,"7":3,"8":1,"9":21,"10":6,"11":1,"12":16,"13":12,"14":10,"15":2,"16":1,"17":10,"18":10,"19":10,"20":2,"21":8,"22":8,"23":8,"24":8,"25":5,"26":5,"27":1,"28":8,"29":3,"30":5,"31":1,"32":1},"f":{"0":26,"1":21,"2":16,"3":10,"4":8},"b":{"0":[4,22],"1":[26,24],"2":[3,19],"3":[22,21],"4":[3,16],"5":[19,18],"6":[6,15],"7":[21,19],"8":[2,8],"9":[10,8],"10":[2],"11":[1],"12":[2,8],"13":[10,9],"14":[3,5],"15":[8,6],"16":[1,4]},"_coverageSchema":"1a1c01bbd47fc00a2c39e90264f33305004495a9","hash":"0d28c2568286489a2993c59340bb3d0513225945"}
,"C:\\Users\\Gabriel\\Documents\\codes\\unit-testing-jest\\src\\middlewares\\paramValidator.js": {"path":"C:\\Users\\Gabriel\\Documents\\codes\\unit-testing-jest\\src\\middlewares\\paramValidator.js","statementMap":{"0":{"start":{"line":1,"column":32},"end":{"line":1,"column":67}},"1":{"start":{"line":8,"column":25},"end":{"line":14,"column":1}},"2":{"start":{"line":9,"column":16},"end":{"line":9,"column":28}},"3":{"start":{"line":10,"column":2},"end":{"line":12,"column":3}},"4":{"start":{"line":11,"column":4},"end":{"line":11,"column":51}},"5":{"start":{"line":13,"column":2},"end":{"line":13,"column":14}},"6":{"start":{"line":21,"column":36},"end":{"line":34,"column":1}},"7":{"start":{"line":22,"column":2},"end":{"line":33,"column":3}},"8":{"start":{"line":23,"column":4},"end":{"line":32,"column":5}},"9":{"start":{"line":24,"column":21},"end":{"line":24,"column":31}},"10":{"start":{"line":25,"column":6},"end":{"line":27,"column":7}},"11":{"start":{"line":26,"column":8},"end":{"line":26,"column":57}},"12":{"start":{"line":28,"column":6},"end":{"line":28,"column":26}},"13":{"start":{"line":29,"column":6},"end":{"line":29,"column":12}},"14":{"start":{"line":31,"column":6},"end":{"line":31,"column":52}},"15":{"start":{"line":36,"column":39},"end":{"line":36,"column":80}},"16":{"start":{"line":38,"column":40},"end":{"line":38,"column":82}},"17":{"start":{"line":45,"column":41},"end":{"line":61,"column":1}},"18":{"start":{"line":46,"column":2},"end":{"line":60,"column":3}},"19":{"start":{"line":47,"column":4},"end":{"line":59,"column":5}},"20":{"start":{"line":48,"column":25},"end":{"line":48,"column":45}},"21":{"start":{"line":50,"column":6},"end":{"line":55,"column":7}},"22":{"start":{"line":51,"column":25},"end":{"line":51,"column":45}},"23":{"start":{"line":52,"column":8},"end":{"line":54,"column":9}},"24":{"start":{"line":53,"column":10},"end":{"line":53,"column":67}},"25":{"start":{"line":56,"column":6},"end":{"line":56,"column":12}},"26":{"start":{"line":58,"column":6},"end":{"line":58,"column":52}},"27":{"start":{"line":63,"column":45},"end":{"line":63,"column":94}},"28":{"start":{"line":65,"column":0},"end":{"line":69,"column":1}}},"fnMap":{"0":{"name":"(anonymous_0)","decl":{"start":{"line":8,"column":25},"end":{"line":8,"column":26}},"loc":{"start":{"line":8,"column":33},"end":{"line":14,"column":1}},"line":8},"1":{"name":"(anonymous_1)","decl":{"start":{"line":21,"column":36},"end":{"line":21,"column":37}},"loc":{"start":{"line":21,"column":54},"end":{"line":34,"column":1}},"line":21},"2":{"name":"(anonymous_2)","decl":{"start":{"line":22,"column":9},"end":{"line":22,"column":10}},"loc":{"start":{"line":22,"column":29},"end":{"line":33,"column":3}},"line":22},"3":{"name":"(anonymous_3)","decl":{"start":{"line":45,"column":41},"end":{"line":45,"column":42}},"loc":{"start":{"line":45,"column":56},"end":{"line":61,"column":1}},"line":45},"4":{"name":"(anonymous_4)","decl":{"start":{"line":46,"column":9},"end":{"line":46,"column":10}},"loc":{"start":{"line":46,"column":29},"end":{"line":60,"column":3}},"line":46}},"branchMap":{"0":{"loc":{"start":{"line":10,"column":2},"end":{"line":12,"column":3}},"type":"if","locations":[{"start":{"line":10,"column":2},"end":{"line":12,"column":3}},{"start":{},"end":{}}],"line":10},"1":{"loc":{"start":{"line":10,"column":6},"end":{"line":10,"column":32}},"type":"binary-expr","locations":[{"start":{"line":10,"column":6},"end":{"line":10,"column":18}},{"start":{"line":10,"column":22},"end":{"line":10,"column":32}}],"line":10},"2":{"loc":{"start":{"line":25,"column":6},"end":{"line":27,"column":7}},"type":"if","locations":[{"start":{"line":25,"column":6},"end":{"line":27,"column":7}},{"start":{},"end":{}}],"line":25},"3":{"loc":{"start":{"line":50,"column":6},"end":{"line":55,"column":7}},"type":"if","locations":[{"start":{"line":50,"column":6},"end":{"line":55,"column":7}},{"start":{},"end":{}}],"line":50},"4":{"loc":{"start":{"line":50,"column":10},"end":{"line":50,"column":78}},"type":"binary-expr","locations":[{"start":{"line":50,"column":10},"end":{"line":50,"column":34}},{"start":{"line":50,"column":38},"end":{"line":50,"column":57}},{"start":{"line":50,"column":61},"end":{"line":50,"column":78}}],"line":50},"5":{"loc":{"start":{"line":52,"column":8},"end":{"line":54,"column":9}},"type":"if","locations":[{"start":{"line":52,"column":8},"end":{"line":54,"column":9}},{"start":{},"end":{}}],"line":52},"6":{"loc":{"start":{"line":52,"column":12},"end":{"line":52,"column":44}},"type":"binary-expr","locations":[{"start":{"line":52,"column":12},"end":{"line":52,"column":27}},{"start":{"line":52,"column":31},"end":{"line":52,"column":44}}],"line":52}},"s":{"0":1,"1":1,"2":16,"3":16,"4":6,"5":10,"6":1,"7":2,"8":22,"9":22,"10":22,"11":6,"12":16,"13":10,"14":12,"15":1,"16":1,"17":1,"18":1,"19":11,"20":11,"21":11,"22":8,"23":8,"24":5,"25":6,"26":5,"27":1,"28":1},"f":{"0":16,"1":2,"2":22,"3":1,"4":11},"b":{"0":[6,10],"1":[16,14],"2":[6,16],"3":[8,3],"4":[11,10,9],"5":[5,3],"6":[8,6]},"_coverageSchema":"1a1c01bbd47fc00a2c39e90264f33305004495a9","hash":"c6c162faf67de5669fae3a0177d9ea3bd0ca643d"}
,"C:\\Users\\Gabriel\\Documents\\codes\\unit-testing-jest\\src\\middlewares\\reservationValidator.js": {"path":"C:\\Users\\Gabriel\\Documents\\codes\\unit-testing-jest\\src\\middlewares\\reservationValidator.js","statementMap":{"0":{"start":{"line":1,"column":32},"end":{"line":1,"column":67}},"1":{"start":{"line":8,"column":34},"end":{"line":17,"column":1}},"2":{"start":{"line":9,"column":2},"end":{"line":16,"column":3}},"3":{"start":{"line":10,"column":4},"end":{"line":15,"column":5}},"4":{"start":{"line":11,"column":6},"end":{"line":11,"column":27}},"5":{"start":{"line":12,"column":6},"end":{"line":12,"column":12}},"6":{"start":{"line":14,"column":6},"end":{"line":14,"column":52}},"7":{"start":{"line":24,"column":34},"end":{"line":33,"column":1}},"8":{"start":{"line":25,"column":97},"end":{"line":25,"column":112}},"9":{"start":{"line":27,"column":2},"end":{"line":29,"column":3}},"10":{"start":{"line":28,"column":4},"end":{"line":28,"column":130}},"11":{"start":{"line":31,"column":2},"end":{"line":31,"column":42}},"12":{"start":{"line":32,"column":2},"end":{"line":32,"column":65}},"13":{"start":{"line":35,"column":44},"end":{"line":35,"column":96}},"14":{"start":{"line":42,"column":31},"end":{"line":46,"column":1}},"15":{"start":{"line":43,"column":2},"end":{"line":45,"column":3}},"16":{"start":{"line":44,"column":4},"end":{"line":44,"column":65}},"17":{"start":{"line":54,"column":36},"end":{"line":70,"column":1}},"18":{"start":{"line":55,"column":2},"end":{"line":69,"column":3}},"19":{"start":{"line":56,"column":32},"end":{"line":56,"column":81}},"20":{"start":{"line":58,"column":4},"end":{"line":60,"column":5}},"21":{"start":{"line":59,"column":6},"end":{"line":59,"column":64}},"22":{"start":{"line":62,"column":16},"end":{"line":62,"column":26}},"23":{"start":{"line":64,"column":4},"end":{"line":66,"column":5}},"24":{"start":{"line":65,"column":6},"end":{"line":65,"column":72}},"25":{"start":{"line":68,"column":4},"end":{"line":68,"column":15}},"26":{"start":{"line":78,"column":41},"end":{"line":82,"column":1}},"27":{"start":{"line":79,"column":2},"end":{"line":81,"column":3}},"28":{"start":{"line":80,"column":4},"end":{"line":80,"column":111}},"29":{"start":{"line":89,"column":34},"end":{"line":99,"column":1}},"30":{"start":{"line":90,"column":2},"end":{"line":92,"column":3}},"31":{"start":{"line":91,"column":4},"end":{"line":91,"column":55}},"32":{"start":{"line":94,"column":2},"end":{"line":98,"column":3}},"33":{"start":{"line":95,"column":4},"end":{"line":97,"column":5}},"34":{"start":{"line":96,"column":6},"end":{"line":96,"column":91}},"35":{"start":{"line":105,"column":44},"end":{"line":105,"column":96}},"36":{"start":{"line":107,"column":0},"end":{"line":115,"column":1}}},"fnMap":{"0":{"name":"(anonymous_0)","decl":{"start":{"line":8,"column":34},"end":{"line":8,"column":35}},"loc":{"start":{"line":8,"column":51},"end":{"line":17,"column":1}},"line":8},"1":{"name":"(anonymous_1)","decl":{"start":{"line":9,"column":9},"end":{"line":9,"column":10}},"loc":{"start":{"line":9,"column":29},"end":{"line":16,"column":3}},"line":9},"2":{"name":"(anonymous_2)","decl":{"start":{"line":24,"column":34},"end":{"line":24,"column":35}},"loc":{"start":{"line":24,"column":55},"end":{"line":33,"column":1}},"line":24},"3":{"name":"(anonymous_3)","decl":{"start":{"line":42,"column":31},"end":{"line":42,"column":32}},"loc":{"start":{"line":42,"column":51},"end":{"line":46,"column":1}},"line":42},"4":{"name":"(anonymous_4)","decl":{"start":{"line":54,"column":36},"end":{"line":54,"column":37}},"loc":{"start":{"line":54,"column":74},"end":{"line":70,"column":1}},"line":54},"5":{"name":"(anonymous_5)","decl":{"start":{"line":78,"column":41},"end":{"line":78,"column":42}},"loc":{"start":{"line":78,"column":81},"end":{"line":82,"column":1}},"line":78},"6":{"name":"(anonymous_6)","decl":{"start":{"line":89,"column":34},"end":{"line":89,"column":35}},"loc":{"start":{"line":89,"column":50},"end":{"line":99,"column":1}},"line":89}},"branchMap":{"0":{"loc":{"start":{"line":27,"column":2},"end":{"line":29,"column":3}},"type":"if","locations":[{"start":{"line":27,"column":2},"end":{"line":29,"column":3}},{"start":{},"end":{}}],"line":27},"1":{"loc":{"start":{"line":27,"column":6},"end":{"line":27,"column":101}},"type":"binary-expr","locations":[{"start":{"line":27,"column":6},"end":{"line":27,"column":20}},{"start":{"line":27,"column":24},"end":{"line":27,"column":38}},{"start":{"line":27,"column":42},"end":{"line":27,"column":59}},{"start":{"line":27,"column":63},"end":{"line":27,"column":80}},{"start":{"line":27,"column":84},"end":{"line":27,"column":101}}],"line":27},"2":{"loc":{"start":{"line":43,"column":2},"end":{"line":45,"column":3}},"type":"if","locations":[{"start":{"line":43,"column":2},"end":{"line":45,"column":3}},{"start":{},"end":{}}],"line":43},"3":{"loc":{"start":{"line":43,"column":6},"end":{"line":43,"column":63}},"type":"binary-expr","locations":[{"start":{"line":43,"column":6},"end":{"line":43,"column":40}},{"start":{"line":43,"column":44},"end":{"line":43,"column":63}}],"line":43},"4":{"loc":{"start":{"line":58,"column":4},"end":{"line":60,"column":5}},"type":"if","locations":[{"start":{"line":58,"column":4},"end":{"line":60,"column":5}},{"start":{},"end":{}}],"line":58},"5":{"loc":{"start":{"line":64,"column":4},"end":{"line":66,"column":5}},"type":"if","locations":[{"start":{"line":64,"column":4},"end":{"line":66,"column":5}},{"start":{},"end":{}}],"line":64},"6":{"loc":{"start":{"line":79,"column":2},"end":{"line":81,"column":3}},"type":"if","locations":[{"start":{"line":79,"column":2},"end":{"line":81,"column":3}},{"start":{},"end":{}}],"line":79},"7":{"loc":{"start":{"line":90,"column":2},"end":{"line":92,"column":3}},"type":"if","locations":[{"start":{"line":90,"column":2},"end":{"line":92,"column":3}},{"start":{},"end":{}}],"line":90},"8":{"loc":{"start":{"line":94,"column":2},"end":{"line":98,"column":3}},"type":"if","locations":[{"start":{"line":94,"column":2},"end":{"line":98,"column":3}},{"start":{},"end":{}}],"line":94},"9":{"loc":{"start":{"line":94,"column":6},"end":{"line":94,"column":92}},"type":"binary-expr","locations":[{"start":{"line":94,"column":6},"end":{"line":94,"column":47}},{"start":{"line":94,"column":51},"end":{"line":94,"column":92}}],"line":94},"10":{"loc":{"start":{"line":95,"column":4},"end":{"line":97,"column":5}},"type":"if","locations":[{"start":{"line":95,"column":4},"end":{"line":97,"column":5}},{"start":{},"end":{}}],"line":95},"11":{"loc":{"start":{"line":95,"column":8},"end":{"line":95,"column":66}},"type":"binary-expr","locations":[{"start":{"line":95,"column":8},"end":{"line":95,"column":35}},{"start":{"line":95,"column":39},"end":{"line":95,"column":66}}],"line":95}},"s":{"0":1,"1":1,"2":2,"3":7,"4":7,"5":3,"6":4,"7":1,"8":13,"9":13,"10":6,"11":7,"12":5,"13":1,"14":1,"15":22,"16":10,"17":1,"18":19,"19":19,"20":19,"21":4,"22":15,"23":15,"24":5,"25":9,"26":1,"27":7,"28":3,"29":1,"30":11,"31":5,"32":9,"33":4,"34":3,"35":1,"36":1},"f":{"0":2,"1":7,"2":13,"3":22,"4":19,"5":7,"6":11},"b":{"0":[6,7],"1":[13,12,11,9,8],"2":[10,12],"3":[22,19],"4":[4,15],"5":[5,10],"6":[3,4],"7":[5,6],"8":[4,5],"9":[9,5],"10":[3,1],"11":[4,4]},"_coverageSchema":"1a1c01bbd47fc00a2c39e90264f33305004495a9","hash":"397d43120471cabd4bcb1c1ebde1e05622681d6d"}
,"C:\\Users\\Gabriel\\Documents\\codes\\unit-testing-jest\\src\\middlewares\\restaurantValidator.js": {"path":"C:\\Users\\Gabriel\\Documents\\codes\\unit-testing-jest\\src\\middlewares\\restaurantValidator.js","statementMap":{"0":{"start":{"line":1,"column":32},"end":{"line":1,"column":67}},"1":{"start":{"line":2,"column":34},"end":{"line":2,"column":64}},"2":{"start":{"line":9,"column":34},"end":{"line":18,"column":1}},"3":{"start":{"line":10,"column":2},"end":{"line":17,"column":3}},"4":{"start":{"line":11,"column":4},"end":{"line":16,"column":5}},"5":{"start":{"line":12,"column":6},"end":{"line":12,"column":27}},"6":{"start":{"line":13,"column":6},"end":{"line":13,"column":12}},"7":{"start":{"line":15,"column":6},"end":{"line":15,"column":52}},"8":{"start":{"line":25,"column":33},"end":{"line":41,"column":1}},"9":{"start":{"line":26,"column":38},"end":{"line":26,"column":52}},"10":{"start":{"line":28,"column":2},"end":{"line":30,"column":3}},"11":{"start":{"line":29,"column":4},"end":{"line":29,"column":71}},"12":{"start":{"line":32,"column":2},"end":{"line":32,"column":28}},"13":{"start":{"line":34,"column":2},"end":{"line":36,"column":3}},"14":{"start":{"line":35,"column":4},"end":{"line":35,"column":45}},"15":{"start":{"line":38,"column":2},"end":{"line":40,"column":3}},"16":{"start":{"line":39,"column":4},"end":{"line":39,"column":47}},"17":{"start":{"line":43,"column":43},"end":{"line":43,"column":94}},"18":{"start":{"line":50,"column":25},"end":{"line":52,"column":1}},"19":{"start":{"line":51,"column":2},"end":{"line":51,"column":73}},"20":{"start":{"line":59,"column":25},"end":{"line":61,"column":1}},"21":{"start":{"line":60,"column":2},"end":{"line":60,"column":54}},"22":{"start":{"line":68,"column":26},"end":{"line":70,"column":1}},"23":{"start":{"line":69,"column":2},"end":{"line":69,"column":58}},"24":{"start":{"line":77,"column":33},"end":{"line":89,"column":1}},"25":{"start":{"line":78,"column":2},"end":{"line":80,"column":3}},"26":{"start":{"line":79,"column":4},"end":{"line":79,"column":41}},"27":{"start":{"line":82,"column":2},"end":{"line":84,"column":3}},"28":{"start":{"line":83,"column":4},"end":{"line":83,"column":41}},"29":{"start":{"line":86,"column":2},"end":{"line":88,"column":3}},"30":{"start":{"line":87,"column":4},"end":{"line":87,"column":43}},"31":{"start":{"line":91,"column":43},"end":{"line":91,"column":94}},"32":{"start":{"line":93,"column":0},"end":{"line":101,"column":1}}},"fnMap":{"0":{"name":"(anonymous_0)","decl":{"start":{"line":9,"column":34},"end":{"line":9,"column":35}},"loc":{"start":{"line":9,"column":51},"end":{"line":18,"column":1}},"line":9},"1":{"name":"(anonymous_1)","decl":{"start":{"line":10,"column":9},"end":{"line":10,"column":10}},"loc":{"start":{"line":10,"column":29},"end":{"line":17,"column":3}},"line":10},"2":{"name":"(anonymous_2)","decl":{"start":{"line":25,"column":33},"end":{"line":25,"column":34}},"loc":{"start":{"line":25,"column":53},"end":{"line":41,"column":1}},"line":25},"3":{"name":"(anonymous_3)","decl":{"start":{"line":50,"column":25},"end":{"line":50,"column":26}},"loc":{"start":{"line":50,"column":39},"end":{"line":52,"column":1}},"line":50},"4":{"name":"(anonymous_4)","decl":{"start":{"line":59,"column":25},"end":{"line":59,"column":26}},"loc":{"start":{"line":59,"column":39},"end":{"line":61,"column":1}},"line":59},"5":{"name":"(anonymous_5)","decl":{"start":{"line":68,"column":26},"end":{"line":68,"column":27}},"loc":{"start":{"line":68,"column":41},"end":{"line":70,"column":1}},"line":68},"6":{"name":"(anonymous_6)","decl":{"start":{"line":77,"column":33},"end":{"line":77,"column":34}},"loc":{"start":{"line":77,"column":49},"end":{"line":89,"column":1}},"line":77}},"branchMap":{"0":{"loc":{"start":{"line":28,"column":2},"end":{"line":30,"column":3}},"type":"if","locations":[{"start":{"line":28,"column":2},"end":{"line":30,"column":3}},{"start":{},"end":{}}],"line":28},"1":{"loc":{"start":{"line":28,"column":6},"end":{"line":28,"column":49}},"type":"binary-expr","locations":[{"start":{"line":28,"column":6},"end":{"line":28,"column":11}},{"start":{"line":28,"column":15},"end":{"line":28,"column":23}},{"start":{"line":28,"column":27},"end":{"line":28,"column":49}}],"line":28},"2":{"loc":{"start":{"line":34,"column":2},"end":{"line":36,"column":3}},"type":"if","locations":[{"start":{"line":34,"column":2},"end":{"line":36,"column":3}},{"start":{},"end":{}}],"line":34},"3":{"loc":{"start":{"line":34,"column":6},"end":{"line":34,"column":79}},"type":"binary-expr","locations":[{"start":{"line":34,"column":6},"end":{"line":34,"column":43}},{"start":{"line":34,"column":47},"end":{"line":34,"column":79}}],"line":34},"4":{"loc":{"start":{"line":38,"column":2},"end":{"line":40,"column":3}},"type":"if","locations":[{"start":{"line":38,"column":2},"end":{"line":40,"column":3}},{"start":{},"end":{}}],"line":38},"5":{"loc":{"start":{"line":38,"column":6},"end":{"line":38,"column":81}},"type":"binary-expr","locations":[{"start":{"line":38,"column":6},"end":{"line":38,"column":44}},{"start":{"line":38,"column":48},"end":{"line":38,"column":81}}],"line":38},"6":{"loc":{"start":{"line":78,"column":2},"end":{"line":80,"column":3}},"type":"if","locations":[{"start":{"line":78,"column":2},"end":{"line":80,"column":3}},{"start":{},"end":{}}],"line":78},"7":{"loc":{"start":{"line":82,"column":2},"end":{"line":84,"column":3}},"type":"if","locations":[{"start":{"line":82,"column":2},"end":{"line":84,"column":3}},{"start":{},"end":{}}],"line":82},"8":{"loc":{"start":{"line":82,"column":6},"end":{"line":82,"column":71}},"type":"binary-expr","locations":[{"start":{"line":82,"column":6},"end":{"line":82,"column":39}},{"start":{"line":82,"column":43},"end":{"line":82,"column":71}}],"line":82},"9":{"loc":{"start":{"line":86,"column":2},"end":{"line":88,"column":3}},"type":"if","locations":[{"start":{"line":86,"column":2},"end":{"line":88,"column":3}},{"start":{},"end":{}}],"line":86},"10":{"loc":{"start":{"line":86,"column":6},"end":{"line":86,"column":73}},"type":"binary-expr","locations":[{"start":{"line":86,"column":6},"end":{"line":86,"column":40}},{"start":{"line":86,"column":44},"end":{"line":86,"column":73}}],"line":86}},"s":{"0":1,"1":1,"2":1,"3":2,"4":11,"5":11,"6":5,"7":6,"8":1,"9":15,"10":15,"11":4,"12":11,"13":9,"14":5,"15":7,"16":4,"17":1,"18":1,"19":29,"20":1,"21":22,"22":1,"23":21,"24":1,"25":15,"26":7,"27":13,"28":5,"29":11,"30":5,"31":1,"32":1},"f":{"0":2,"1":11,"2":15,"3":29,"4":22,"5":21,"6":15},"b":{"0":[4,11],"1":[15,14,13],"2":[5,4],"3":[9,5],"4":[4,3],"5":[7,4],"6":[7,8],"7":[5,8],"8":[13,5],"9":[5,6],"10":[11,6]},"_coverageSchema":"1a1c01bbd47fc00a2c39e90264f33305004495a9","hash":"998ec6ddeb3ae3056283a06fb9a48bbc65d5893d"}
,"C:\\Users\\Gabriel\\Documents\\codes\\unit-testing-jest\\src\\services\\locationiqService.js": {"path":"C:\\Users\\Gabriel\\Documents\\codes\\unit-testing-jest\\src\\services\\locationiqService.js","statementMap":{"0":{"start":{"line":8,"column":4},"end":{"line":8,"column":27}},"1":{"start":{"line":20,"column":26},"end":{"line":39,"column":1}},"2":{"start":{"line":21,"column":29},"end":{"line":21,"column":79}},"3":{"start":{"line":22,"column":30},"end":{"line":22,"column":82}},"4":{"start":{"line":25,"column":4},"end":{"line":28,"column":73}},"5":{"start":{"line":30,"column":23},"end":{"line":33,"column":3}},"6":{"start":{"line":35,"column":29},"end":{"line":35,"column":59}},"7":{"start":{"line":37,"column":25},"end":{"line":37,"column":62}},"8":{"start":{"line":38,"column":2},"end":{"line":38,"column":73}},"9":{"start":{"line":50,"column":31},"end":{"line":59,"column":1}},"10":{"start":{"line":51,"column":24},"end":{"line":51,"column":64}},"11":{"start":{"line":53,"column":23},"end":{"line":53,"column":54}},"12":{"start":{"line":54,"column":22},"end":{"line":54,"column":52}},"13":{"start":{"line":55,"column":23},"end":{"line":55,"column":54}},"14":{"start":{"line":56,"column":22},"end":{"line":56,"column":52}},"15":{"start":{"line":58,"column":2},"end":{"line":58,"column":72}},"16":{"start":{"line":68,"column":45},"end":{"line":81,"column":1}},"17":{"start":{"line":69,"column":2},"end":{"line":74,"column":3}},"18":{"start":{"line":70,"column":27},"end":{"line":70,"column":70}},"19":{"start":{"line":71,"column":4},"end":{"line":73,"column":5}},"20":{"start":{"line":72,"column":6},"end":{"line":72,"column":27}},"21":{"start":{"line":76,"column":2},"end":{"line":78,"column":3}},"22":{"start":{"line":77,"column":4},"end":{"line":77,"column":25}},"23":{"start":{"line":80,"column":2},"end":{"line":80,"column":32}},"24":{"start":{"line":92,"column":46},"end":{"line":114,"column":1}},"25":{"start":{"line":93,"column":25},"end":{"line":93,"column":72}},"26":{"start":{"line":95,"column":29},"end":{"line":95,"column":54}},"27":{"start":{"line":96,"column":30},"end":{"line":96,"column":55}},"28":{"start":{"line":98,"column":29},"end":{"line":103,"column":3}},"29":{"start":{"line":105,"column":2},"end":{"line":113,"column":3}},"30":{"start":{"line":125,"column":35},"end":{"line":139,"column":1}},"31":{"start":{"line":126,"column":2},"end":{"line":128,"column":3}},"32":{"start":{"line":127,"column":4},"end":{"line":127,"column":13}},"33":{"start":{"line":130,"column":27},"end":{"line":132,"column":3}},"34":{"start":{"line":131,"column":4},"end":{"line":131,"column":85}},"35":{"start":{"line":134,"column":26},"end":{"line":136,"column":82}},"36":{"start":{"line":135,"column":26},"end":{"line":135,"column":75}},"37":{"start":{"line":136,"column":29},"end":{"line":136,"column":81}},"38":{"start":{"line":138,"column":2},"end":{"line":138,"column":24}},"39":{"start":{"line":147,"column":38},"end":{"line":157,"column":1}},"40":{"start":{"line":148,"column":2},"end":{"line":156,"column":3}},"41":{"start":{"line":165,"column":38},"end":{"line":180,"column":1}},"42":{"start":{"line":166,"column":28},"end":{"line":166,"column":51}},"43":{"start":{"line":168,"column":2},"end":{"line":179,"column":3}},"44":{"start":{"line":182,"column":0},"end":{"line":188,"column":1}}},"fnMap":{"0":{"name":"(anonymous_0)","decl":{"start":{"line":20,"column":26},"end":{"line":20,"column":27}},"loc":{"start":{"line":20,"column":88},"end":{"line":39,"column":1}},"line":20},"1":{"name":"(anonymous_1)","decl":{"start":{"line":50,"column":31},"end":{"line":50,"column":32}},"loc":{"start":{"line":50,"column":86},"end":{"line":59,"column":1}},"line":50},"2":{"name":"(anonymous_2)","decl":{"start":{"line":68,"column":45},"end":{"line":68,"column":46}},"loc":{"start":{"line":68,"column":60},"end":{"line":81,"column":1}},"line":68},"3":{"name":"(anonymous_3)","decl":{"start":{"line":92,"column":46},"end":{"line":92,"column":47}},"loc":{"start":{"line":92,"column":94},"end":{"line":114,"column":1}},"line":92},"4":{"name":"(anonymous_4)","decl":{"start":{"line":125,"column":35},"end":{"line":125,"column":36}},"loc":{"start":{"line":125,"column":102},"end":{"line":139,"column":1}},"line":125},"5":{"name":"(anonymous_5)","decl":{"start":{"line":130,"column":42},"end":{"line":130,"column":43}},"loc":{"start":{"line":131,"column":4},"end":{"line":131,"column":85}},"line":131},"6":{"name":"(anonymous_6)","decl":{"start":{"line":135,"column":12},"end":{"line":135,"column":13}},"loc":{"start":{"line":135,"column":26},"end":{"line":135,"column":75}},"line":135},"7":{"name":"(anonymous_7)","decl":{"start":{"line":136,"column":10},"end":{"line":136,"column":11}},"loc":{"start":{"line":136,"column":29},"end":{"line":136,"column":81}},"line":136},"8":{"name":"(anonymous_8)","decl":{"start":{"line":147,"column":38},"end":{"line":147,"column":39}},"loc":{"start":{"line":147,"column":53},"end":{"line":157,"column":1}},"line":147},"9":{"name":"(anonymous_9)","decl":{"start":{"line":165,"column":38},"end":{"line":165,"column":39}},"loc":{"start":{"line":165,"column":53},"end":{"line":180,"column":1}},"line":165}},"branchMap":{"0":{"loc":{"start":{"line":69,"column":2},"end":{"line":74,"column":3}},"type":"if","locations":[{"start":{"line":69,"column":2},"end":{"line":74,"column":3}},{"start":{},"end":{}}],"line":69},"1":{"loc":{"start":{"line":71,"column":4},"end":{"line":73,"column":5}},"type":"if","locations":[{"start":{"line":71,"column":4},"end":{"line":73,"column":5}},{"start":{},"end":{}}],"line":71},"2":{"loc":{"start":{"line":71,"column":8},"end":{"line":71,"column":51}},"type":"binary-expr","locations":[{"start":{"line":71,"column":8},"end":{"line":71,"column":22}},{"start":{"line":71,"column":26},"end":{"line":71,"column":51}}],"line":71},"3":{"loc":{"start":{"line":76,"column":2},"end":{"line":78,"column":3}},"type":"if","locations":[{"start":{"line":76,"column":2},"end":{"line":78,"column":3}},{"start":{},"end":{}}],"line":76},"4":{"loc":{"start":{"line":108,"column":13},"end":{"line":108,"column":54}},"type":"binary-expr","locations":[{"start":{"line":108,"column":13},"end":{"line":108,"column":35}},{"start":{"line":108,"column":39},"end":{"line":108,"column":54}}],"line":108},"5":{"loc":{"start":{"line":126,"column":2},"end":{"line":128,"column":3}},"type":"if","locations":[{"start":{"line":126,"column":2},"end":{"line":128,"column":3}},{"start":{},"end":{}}],"line":126},"6":{"loc":{"start":{"line":126,"column":6},"end":{"line":126,"column":44}},"type":"binary-expr","locations":[{"start":{"line":126,"column":6},"end":{"line":126,"column":17}},{"start":{"line":126,"column":21},"end":{"line":126,"column":44}}],"line":126},"7":{"loc":{"start":{"line":152,"column":17},"end":{"line":152,"column":46}},"type":"binary-expr","locations":[{"start":{"line":152,"column":17},"end":{"line":152,"column":38}},{"start":{"line":152,"column":42},"end":{"line":152,"column":46}}],"line":152},"8":{"loc":{"start":{"line":155,"column":16},"end":{"line":155,"column":41}},"type":"binary-expr","locations":[{"start":{"line":155,"column":16},"end":{"line":155,"column":36}},{"start":{"line":155,"column":40},"end":{"line":155,"column":41}}],"line":155},"9":{"loc":{"start":{"line":166,"column":28},"end":{"line":166,"column":51}},"type":"binary-expr","locations":[{"start":{"line":166,"column":28},"end":{"line":166,"column":45}},{"start":{"line":166,"column":49},"end":{"line":166,"column":51}}],"line":166},"10":{"loc":{"start":{"line":172,"column":10},"end":{"line":172,"column":40}},"type":"binary-expr","locations":[{"start":{"line":172,"column":10},"end":{"line":172,"column":32}},{"start":{"line":172,"column":36},"end":{"line":172,"column":40}}],"line":172},"11":{"loc":{"start":{"line":173,"column":12},"end":{"line":173,"column":44}},"type":"binary-expr","locations":[{"start":{"line":173,"column":12},"end":{"line":173,"column":36}},{"start":{"line":173,"column":40},"end":{"line":173,"column":44}}],"line":173},"12":{"loc":{"start":{"line":174,"column":11},"end":{"line":174,"column":42}},"type":"binary-expr","locations":[{"start":{"line":174,"column":11},"end":{"line":174,"column":34}},{"start":{"line":174,"column":38},"end":{"line":174,"column":42}}],"line":174},"13":{"loc":{"start":{"line":175,"column":13},"end":{"line":175,"column":46}},"type":"binary-expr","locations":[{"start":{"line":175,"column":13},"end":{"line":175,"column":38}},{"start":{"line":175,"column":42},"end":{"line":175,"column":46}}],"line":175},"14":{"loc":{"start":{"line":176,"column":16},"end":{"line":176,"column":50}},"type":"binary-expr","locations":[{"start":{"line":176,"column":16},"end":{"line":176,"column":42}},{"start":{"line":176,"column":46},"end":{"line":176,"column":50}}],"line":176}},"s":{"0":1,"1":1,"2":29,"3":29,"4":29,"5":29,"6":29,"7":29,"8":29,"9":1,"10":5,"11":5,"12":5,"13":5,"14":5,"15":5,"16":1,"17":22,"18":20,"19":20,"20":19,"21":3,"22":1,"23":2,"24":1,"25":22,"26":22,"27":22,"28":22,"29":22,"30":1,"31":17,"32":2,"33":15,"34":22,"35":15,"36":22,"37":7,"38":15,"39":1,"40":4,"41":1,"42":5,"43":5,"44":1},"f":{"0":29,"1":5,"2":22,"3":22,"4":17,"5":22,"6":22,"7":7,"8":4,"9":5},"b":{"0":[20,2],"1":[19,1],"2":[20,19],"3":[1,2],"4":[22,2],"5":[2,15],"6":[17,16],"7":[4,3],"8":[4,3],"9":[5,1],"10":[5,3],"11":[5,4],"12":[5,4],"13":[5,3],"14":[5,3]},"_coverageSchema":"1a1c01bbd47fc00a2c39e90264f33305004495a9","hash":"5b37c3f8018c630bdd67538e9c8c9388eac136a7"}
,"C:\\Users\\Gabriel\\Documents\\codes\\unit-testing-jest\\src\\services\\reservationService.js": {"path":"C:\\Users\\Gabriel\\Documents\\codes\\unit-testing-jest\\src\\services\\reservationService.js","statementMap":{"0":{"start":{"line":10,"column":4},"end":{"line":10,"column":39}},"1":{"start":{"line":13,"column":4},"end":{"line":13,"column":50}},"2":{"start":{"line":19,"column":27},"end":{"line":21,"column":1}},"3":{"start":{"line":20,"column":2},"end":{"line":20,"column":31}},"4":{"start":{"line":28,"column":38},"end":{"line":30,"column":1}},"5":{"start":{"line":29,"column":2},"end":{"line":29,"column":54}},"6":{"start":{"line":37,"column":27},"end":{"line":39,"column":1}},"7":{"start":{"line":38,"column":2},"end":{"line":38,"column":44}},"8":{"start":{"line":47,"column":34},"end":{"line":53,"column":1}},"9":{"start":{"line":48,"column":22},"end":{"line":48,"column":63}},"10":{"start":{"line":49,"column":2},"end":{"line":51,"column":3}},"11":{"start":{"line":50,"column":4},"end":{"line":50,"column":44}},"12":{"start":{"line":52,"column":2},"end":{"line":52,"column":20}},"13":{"start":{"line":61,"column":33},"end":{"line":67,"column":1}},"14":{"start":{"line":62,"column":21},"end":{"line":62,"column":60}},"15":{"start":{"line":63,"column":2},"end":{"line":65,"column":3}},"16":{"start":{"line":64,"column":4},"end":{"line":64,"column":43}},"17":{"start":{"line":66,"column":2},"end":{"line":66,"column":19}},"18":{"start":{"line":75,"column":29},"end":{"line":83,"column":1}},"19":{"start":{"line":76,"column":17},"end":{"line":76,"column":43}},"20":{"start":{"line":77,"column":2},"end":{"line":81,"column":4}},"21":{"start":{"line":78,"column":4},"end":{"line":80,"column":5}},"22":{"start":{"line":79,"column":6},"end":{"line":79,"column":35}},"23":{"start":{"line":82,"column":2},"end":{"line":82,"column":15}},"24":{"start":{"line":92,"column":26},"end":{"line":104,"column":1}},"25":{"start":{"line":93,"column":46},"end":{"line":93,"column":61}},"26":{"start":{"line":94,"column":17},"end":{"line":94,"column":54}},"27":{"start":{"line":96,"column":21},"end":{"line":96,"column":66}},"28":{"start":{"line":98,"column":2},"end":{"line":98,"column":73}},"29":{"start":{"line":100,"column":2},"end":{"line":103,"column":4}},"30":{"start":{"line":114,"column":26},"end":{"line":124,"column":1}},"31":{"start":{"line":115,"column":30},"end":{"line":115,"column":76}},"32":{"start":{"line":117,"column":2},"end":{"line":120,"column":3}},"33":{"start":{"line":118,"column":23},"end":{"line":118,"column":88}},"34":{"start":{"line":119,"column":4},"end":{"line":119,"column":91}},"35":{"start":{"line":122,"column":21},"end":{"line":122,"column":79}},"36":{"start":{"line":123,"column":2},"end":{"line":123,"column":55}},"37":{"start":{"line":132,"column":26},"end":{"line":135,"column":1}},"38":{"start":{"line":133,"column":2},"end":{"line":133,"column":48}},"39":{"start":{"line":134,"column":2},"end":{"line":134,"column":43}},"40":{"start":{"line":143,"column":26},"end":{"line":146,"column":1}},"41":{"start":{"line":144,"column":2},"end":{"line":144,"column":48}},"42":{"start":{"line":145,"column":2},"end":{"line":145,"column":43}},"43":{"start":{"line":148,"column":0},"end":{"line":158,"column":1}}},"fnMap":{"0":{"name":"(anonymous_0)","decl":{"start":{"line":19,"column":27},"end":{"line":19,"column":28}},"loc":{"start":{"line":19,"column":39},"end":{"line":21,"column":1}},"line":19},"1":{"name":"(anonymous_1)","decl":{"start":{"line":28,"column":38},"end":{"line":28,"column":39}},"loc":{"start":{"line":28,"column":62},"end":{"line":30,"column":1}},"line":28},"2":{"name":"(anonymous_2)","decl":{"start":{"line":37,"column":27},"end":{"line":37,"column":28}},"loc":{"start":{"line":37,"column":52},"end":{"line":39,"column":1}},"line":37},"3":{"name":"(anonymous_3)","decl":{"start":{"line":47,"column":34},"end":{"line":47,"column":35}},"loc":{"start":{"line":47,"column":59},"end":{"line":53,"column":1}},"line":47},"4":{"name":"(anonymous_4)","decl":{"start":{"line":61,"column":33},"end":{"line":61,"column":34}},"loc":{"start":{"line":61,"column":57},"end":{"line":67,"column":1}},"line":61},"5":{"name":"(anonymous_5)","decl":{"start":{"line":75,"column":29},"end":{"line":75,"column":30}},"loc":{"start":{"line":75,"column":66},"end":{"line":83,"column":1}},"line":75},"6":{"name":"(anonymous_6)","decl":{"start":{"line":77,"column":34},"end":{"line":77,"column":35}},"loc":{"start":{"line":77,"column":41},"end":{"line":81,"column":3}},"line":77},"7":{"name":"(anonymous_7)","decl":{"start":{"line":92,"column":26},"end":{"line":92,"column":27}},"loc":{"start":{"line":92,"column":53},"end":{"line":104,"column":1}},"line":92},"8":{"name":"(anonymous_8)","decl":{"start":{"line":114,"column":26},"end":{"line":114,"column":27}},"loc":{"start":{"line":114,"column":68},"end":{"line":124,"column":1}},"line":114},"9":{"name":"(anonymous_9)","decl":{"start":{"line":132,"column":26},"end":{"line":132,"column":27}},"loc":{"start":{"line":132,"column":51},"end":{"line":135,"column":1}},"line":132},"10":{"name":"(anonymous_10)","decl":{"start":{"line":143,"column":26},"end":{"line":143,"column":27}},"loc":{"start":{"line":143,"column":51},"end":{"line":146,"column":1}},"line":143}},"branchMap":{"0":{"loc":{"start":{"line":49,"column":2},"end":{"line":51,"column":3}},"type":"if","locations":[{"start":{"line":49,"column":2},"end":{"line":51,"column":3}},{"start":{},"end":{}}],"line":49},"1":{"loc":{"start":{"line":63,"column":2},"end":{"line":65,"column":3}},"type":"if","locations":[{"start":{"line":63,"column":2},"end":{"line":65,"column":3}},{"start":{},"end":{}}],"line":63},"2":{"loc":{"start":{"line":78,"column":4},"end":{"line":80,"column":5}},"type":"if","locations":[{"start":{"line":78,"column":4},"end":{"line":80,"column":5}},{"start":{},"end":{}}],"line":78},"3":{"loc":{"start":{"line":78,"column":8},"end":{"line":78,"column":65}},"type":"binary-expr","locations":[{"start":{"line":78,"column":8},"end":{"line":78,"column":37}},{"start":{"line":78,"column":41},"end":{"line":78,"column":65}}],"line":78},"4":{"loc":{"start":{"line":94,"column":17},"end":{"line":94,"column":54}},"type":"binary-expr","locations":[{"start":{"line":94,"column":17},"end":{"line":94,"column":39}},{"start":{"line":94,"column":43},"end":{"line":94,"column":54}}],"line":94},"5":{"loc":{"start":{"line":117,"column":2},"end":{"line":120,"column":3}},"type":"if","locations":[{"start":{"line":117,"column":2},"end":{"line":120,"column":3}},{"start":{},"end":{}}],"line":117}},"s":{"0":1,"1":1,"2":1,"3":3,"4":1,"5":3,"6":1,"7":3,"8":1,"9":16,"10":16,"11":5,"12":11,"13":1,"14":9,"15":9,"16":2,"17":7,"18":1,"19":9,"20":9,"21":11,"22":9,"23":9,"24":1,"25":6,"26":6,"27":6,"28":5,"29":4,"30":1,"31":7,"32":6,"33":3,"34":2,"35":4,"36":4,"37":1,"38":3,"39":2,"40":1,"41":3,"42":2,"43":1},"f":{"0":3,"1":3,"2":3,"3":16,"4":9,"5":9,"6":11,"7":6,"8":7,"9":3,"10":3},"b":{"0":[5,11],"1":[2,7],"2":[9,2],"3":[11,10],"4":[6,5],"5":[3,3]},"_coverageSchema":"1a1c01bbd47fc00a2c39e90264f33305004495a9","hash":"5dff7da9042a3f71785b2dcbe4a67830c376ca6c"}
,"C:\\Users\\Gabriel\\Documents\\codes\\unit-testing-jest\\src\\services\\restaurantService.js": {"path":"C:\\Users\\Gabriel\\Documents\\codes\\unit-testing-jest\\src\\services\\restaurantService.js","statementMap":{"0":{"start":{"line":7,"column":4},"end":{"line":7,"column":39}},"1":{"start":{"line":8,"column":25},"end":{"line":8,"column":57}},"2":{"start":{"line":9,"column":26},"end":{"line":9,"column":56}},"3":{"start":{"line":12,"column":4},"end":{"line":12,"column":27}},"4":{"start":{"line":19,"column":25},"end":{"line":21,"column":1}},"5":{"start":{"line":20,"column":2},"end":{"line":20,"column":43}},"6":{"start":{"line":27,"column":26},"end":{"line":29,"column":1}},"7":{"start":{"line":28,"column":2},"end":{"line":28,"column":30}},"8":{"start":{"line":36,"column":26},"end":{"line":38,"column":1}},"9":{"start":{"line":37,"column":2},"end":{"line":37,"column":42}},"10":{"start":{"line":46,"column":33},"end":{"line":52,"column":1}},"11":{"start":{"line":47,"column":21},"end":{"line":47,"column":60}},"12":{"start":{"line":48,"column":2},"end":{"line":50,"column":3}},"13":{"start":{"line":49,"column":4},"end":{"line":49,"column":43}},"14":{"start":{"line":51,"column":2},"end":{"line":51,"column":19}},"15":{"start":{"line":60,"column":28},"end":{"line":68,"column":1}},"16":{"start":{"line":61,"column":17},"end":{"line":61,"column":42}},"17":{"start":{"line":62,"column":2},"end":{"line":66,"column":4}},"18":{"start":{"line":63,"column":4},"end":{"line":65,"column":5}},"19":{"start":{"line":64,"column":6},"end":{"line":64,"column":35}},"20":{"start":{"line":67,"column":2},"end":{"line":67,"column":15}},"21":{"start":{"line":77,"column":25},"end":{"line":81,"column":1}},"22":{"start":{"line":78,"column":29},"end":{"line":78,"column":73}},"23":{"start":{"line":79,"column":21},"end":{"line":79,"column":76}},"24":{"start":{"line":80,"column":2},"end":{"line":80,"column":53}},"25":{"start":{"line":89,"column":25},"end":{"line":92,"column":1}},"26":{"start":{"line":90,"column":2},"end":{"line":90,"column":46}},"27":{"start":{"line":91,"column":2},"end":{"line":91,"column":41}},"28":{"start":{"line":102,"column":32},"end":{"line":139,"column":1}},"29":{"start":{"line":103,"column":23},"end":{"line":103,"column":43}},"30":{"start":{"line":104,"column":24},"end":{"line":104,"column":45}},"31":{"start":{"line":105,"column":24},"end":{"line":105,"column":46}},"32":{"start":{"line":106,"column":27},"end":{"line":106,"column":47}},"33":{"start":{"line":107,"column":22},"end":{"line":107,"column":44}},"34":{"start":{"line":109,"column":22},"end":{"line":113,"column":3}},"35":{"start":{"line":115,"column":21},"end":{"line":119,"column":3}},"36":{"start":{"line":121,"column":28},"end":{"line":126,"column":3}},"37":{"start":{"line":128,"column":2},"end":{"line":138,"column":3}},"38":{"start":{"line":141,"column":0},"end":{"line":150,"column":1}}},"fnMap":{"0":{"name":"(anonymous_0)","decl":{"start":{"line":19,"column":25},"end":{"line":19,"column":26}},"loc":{"start":{"line":19,"column":51},"end":{"line":21,"column":1}},"line":19},"1":{"name":"(anonymous_1)","decl":{"start":{"line":27,"column":26},"end":{"line":27,"column":27}},"loc":{"start":{"line":27,"column":38},"end":{"line":29,"column":1}},"line":27},"2":{"name":"(anonymous_2)","decl":{"start":{"line":36,"column":26},"end":{"line":36,"column":27}},"loc":{"start":{"line":36,"column":50},"end":{"line":38,"column":1}},"line":36},"3":{"name":"(anonymous_3)","decl":{"start":{"line":46,"column":33},"end":{"line":46,"column":34}},"loc":{"start":{"line":46,"column":57},"end":{"line":52,"column":1}},"line":46},"4":{"name":"(anonymous_4)","decl":{"start":{"line":60,"column":28},"end":{"line":60,"column":29}},"loc":{"start":{"line":60,"column":64},"end":{"line":68,"column":1}},"line":60},"5":{"name":"(anonymous_5)","decl":{"start":{"line":62,"column":34},"end":{"line":62,"column":35}},"loc":{"start":{"line":62,"column":41},"end":{"line":66,"column":3}},"line":62},"6":{"name":"(anonymous_6)","decl":{"start":{"line":77,"column":25},"end":{"line":77,"column":26}},"loc":{"start":{"line":77,"column":65},"end":{"line":81,"column":1}},"line":77},"7":{"name":"(anonymous_7)","decl":{"start":{"line":89,"column":25},"end":{"line":89,"column":26}},"loc":{"start":{"line":89,"column":49},"end":{"line":92,"column":1}},"line":89},"8":{"name":"(anonymous_8)","decl":{"start":{"line":102,"column":32},"end":{"line":102,"column":33}},"loc":{"start":{"line":102,"column":86},"end":{"line":139,"column":1}},"line":102}},"branchMap":{"0":{"loc":{"start":{"line":48,"column":2},"end":{"line":50,"column":3}},"type":"if","locations":[{"start":{"line":48,"column":2},"end":{"line":50,"column":3}},{"start":{},"end":{}}],"line":48},"1":{"loc":{"start":{"line":63,"column":4},"end":{"line":65,"column":5}},"type":"if","locations":[{"start":{"line":63,"column":4},"end":{"line":65,"column":5}},{"start":{},"end":{}}],"line":63},"2":{"loc":{"start":{"line":63,"column":8},"end":{"line":63,"column":65}},"type":"binary-expr","locations":[{"start":{"line":63,"column":8},"end":{"line":63,"column":37}},{"start":{"line":63,"column":41},"end":{"line":63,"column":65}}],"line":63}},"s":{"0":1,"1":1,"2":1,"3":1,"4":1,"5":3,"6":1,"7":3,"8":1,"9":3,"10":1,"11":10,"12":10,"13":4,"14":6,"15":1,"16":8,"17":8,"18":10,"19":8,"20":8,"21":1,"22":4,"23":3,"24":3,"25":1,"26":3,"27":2,"28":1,"29":11,"30":11,"31":11,"32":11,"33":11,"34":11,"35":11,"36":10,"37":10,"38":1},"f":{"0":3,"1":3,"2":3,"3":10,"4":8,"5":10,"6":4,"7":3,"8":11},"b":{"0":[4,6],"1":[8,2],"2":[10,9]},"_coverageSchema":"1a1c01bbd47fc00a2c39e90264f33305004495a9","hash":"c8e8747be07e0171fcae2b1377b5a10e2be0a50a"}
,"C:\\Users\\Gabriel\\Documents\\codes\\unit-testing-jest\\src\\utils\\controllerHelper.js": {"path":"C:\\Users\\Gabriel\\Documents\\codes\\unit-testing-jest\\src\\utils\\controllerHelper.js","statementMap":{"0":{"start":{"line":1,"column":22},"end":{"line":1,"column":50}},"1":{"start":{"line":11,"column":29},"end":{"line":20,"column":1}},"2":{"start":{"line":12,"column":19},"end":{"line":12,"column":48}},"3":{"start":{"line":14,"column":2},"end":{"line":17,"column":3}},"4":{"start":{"line":15,"column":4},"end":{"line":15,"column":37}},"5":{"start":{"line":16,"column":4},"end":{"line":16,"column":15}},"6":{"start":{"line":19,"column":2},"end":{"line":19,"column":17}},"7":{"start":{"line":28,"column":26},"end":{"line":38,"column":1}},"8":{"start":{"line":29,"column":17},"end":{"line":29,"column":36}},"9":{"start":{"line":31,"column":2},"end":{"line":35,"column":4}},"10":{"start":{"line":32,"column":4},"end":{"line":34,"column":5}},"11":{"start":{"line":33,"column":6},"end":{"line":33,"column":35}},"12":{"start":{"line":37,"column":2},"end":{"line":37,"column":15}},"13":{"start":{"line":40,"column":0},"end":{"line":43,"column":1}}},"fnMap":{"0":{"name":"(anonymous_0)","decl":{"start":{"line":11,"column":29},"end":{"line":11,"column":30}},"loc":{"start":{"line":11,"column":83},"end":{"line":20,"column":1}},"line":11},"1":{"name":"(anonymous_1)","decl":{"start":{"line":28,"column":26},"end":{"line":28,"column":27}},"loc":{"start":{"line":28,"column":56},"end":{"line":38,"column":1}},"line":28},"2":{"name":"(anonymous_2)","decl":{"start":{"line":31,"column":34},"end":{"line":31,"column":35}},"loc":{"start":{"line":31,"column":41},"end":{"line":35,"column":3}},"line":31}},"branchMap":{"0":{"loc":{"start":{"line":14,"column":2},"end":{"line":17,"column":3}},"type":"if","locations":[{"start":{"line":14,"column":2},"end":{"line":17,"column":3}},{"start":{},"end":{}}],"line":14},"1":{"loc":{"start":{"line":32,"column":4},"end":{"line":34,"column":5}},"type":"if","locations":[{"start":{"line":32,"column":4},"end":{"line":34,"column":5}},{"start":{},"end":{}}],"line":32},"2":{"loc":{"start":{"line":32,"column":8},"end":{"line":32,"column":65}},"type":"binary-expr","locations":[{"start":{"line":32,"column":8},"end":{"line":32,"column":37}},{"start":{"line":32,"column":41},"end":{"line":32,"column":65}}],"line":32}},"s":{"0":1,"1":1,"2":9,"3":9,"4":5,"5":5,"6":4,"7":1,"8":12,"9":12,"10":25,"11":18,"12":12,"13":1},"f":{"0":9,"1":12,"2":25},"b":{"0":[5,4],"1":[18,7],"2":[25,21]},"_coverageSchema":"1a1c01bbd47fc00a2c39e90264f33305004495a9","hash":"0fbfc85c50009356339917259d8d3330f8dca025"}
,"C:\\Users\\Gabriel\\Documents\\codes\\unit-testing-jest\\src\\utils\\errorHandler.js": {"path":"C:\\Users\\Gabriel\\Documents\\codes\\unit-testing-jest\\src\\utils\\errorHandler.js","statementMap":{"0":{"start":{"line":1,"column":22},"end":{"line":1,"column":50}},"1":{"start":{"line":2,"column":15},"end":{"line":2,"column":34}},"2":{"start":{"line":6,"column":4},"end":{"line":6,"column":18}},"3":{"start":{"line":7,"column":4},"end":{"line":7,"column":34}},"4":{"start":{"line":8,"column":4},"end":{"line":8,"column":32}},"5":{"start":{"line":9,"column":4},"end":{"line":9,"column":26}},"6":{"start":{"line":18,"column":21},"end":{"line":28,"column":1}},"7":{"start":{"line":19,"column":2},"end":{"line":27,"column":3}},"8":{"start":{"line":20,"column":4},"end":{"line":26,"column":6}},"9":{"start":{"line":21,"column":6},"end":{"line":24,"column":7}},"10":{"start":{"line":25,"column":6},"end":{"line":25,"column":39}},"11":{"start":{"line":30,"column":25},"end":{"line":102,"column":1}},"12":{"start":{"line":31,"column":23},"end":{"line":31,"column":64}},"13":{"start":{"line":32,"column":25},"end":{"line":32,"column":79}},"14":{"start":{"line":34,"column":2},"end":{"line":39,"column":3}},"15":{"start":{"line":35,"column":4},"end":{"line":37,"column":6}},"16":{"start":{"line":38,"column":4},"end":{"line":38,"column":70}},"17":{"start":{"line":41,"column":2},"end":{"line":54,"column":3}},"18":{"start":{"line":50,"column":4},"end":{"line":52,"column":6}},"19":{"start":{"line":53,"column":4},"end":{"line":53,"column":64}},"20":{"start":{"line":56,"column":2},"end":{"line":72,"column":3}},"21":{"start":{"line":63,"column":4},"end":{"line":65,"column":6}},"22":{"start":{"line":66,"column":4},"end":{"line":71,"column":5}},"23":{"start":{"line":74,"column":2},"end":{"line":89,"column":3}},"24":{"start":{"line":80,"column":4},"end":{"line":82,"column":6}},"25":{"start":{"line":83,"column":4},"end":{"line":88,"column":5}},"26":{"start":{"line":91,"column":2},"end":{"line":94,"column":3}},"27":{"start":{"line":92,"column":4},"end":{"line":92,"column":76}},"28":{"start":{"line":93,"column":4},"end":{"line":93,"column":72}},"29":{"start":{"line":96,"column":2},"end":{"line":96,"column":58}},"30":{"start":{"line":98,"column":4},"end":{"line":100,"column":63}},"31":{"start":{"line":101,"column":2},"end":{"line":101,"column":57}},"32":{"start":{"line":119,"column":31},"end":{"line":201,"column":1}},"33":{"start":{"line":120,"column":29},"end":{"line":120,"column":35}},"34":{"start":{"line":122,"column":2},"end":{"line":154,"column":3}},"35":{"start":{"line":123,"column":4},"end":{"line":129,"column":5}},"36":{"start":{"line":124,"column":6},"end":{"line":127,"column":8}},"37":{"start":{"line":128,"column":6},"end":{"line":128,"column":70}},"38":{"start":{"line":131,"column":4},"end":{"line":137,"column":5}},"39":{"start":{"line":132,"column":6},"end":{"line":135,"column":8}},"40":{"start":{"line":136,"column":6},"end":{"line":136,"column":66}},"41":{"start":{"line":139,"column":4},"end":{"line":147,"column":5}},"42":{"start":{"line":143,"column":6},"end":{"line":145,"column":8}},"43":{"start":{"line":146,"column":6},"end":{"line":146,"column":55}},"44":{"start":{"line":149,"column":4},"end":{"line":152,"column":6}},"45":{"start":{"line":153,"column":4},"end":{"line":153,"column":59}},"46":{"start":{"line":156,"column":21},"end":{"line":156,"column":42}},"47":{"start":{"line":157,"column":23},"end":{"line":157,"column":42}},"48":{"start":{"line":159,"column":2},"end":{"line":168,"column":3}},"49":{"start":{"line":160,"column":4},"end":{"line":166,"column":5}},"50":{"start":{"line":167,"column":4},"end":{"line":167,"column":57}},"51":{"start":{"line":170,"column":2},"end":{"line":177,"column":3}},"52":{"start":{"line":171,"column":4},"end":{"line":173,"column":6}},"53":{"start":{"line":174,"column":4},"end":{"line":176,"column":5}},"54":{"start":{"line":179,"column":2},"end":{"line":186,"column":3}},"55":{"start":{"line":180,"column":20},"end":{"line":180,"column":71}},"56":{"start":{"line":181,"column":4},"end":{"line":184,"column":6}},"57":{"start":{"line":185,"column":4},"end":{"line":185,"column":64}},"58":{"start":{"line":188,"column":2},"end":{"line":194,"column":3}},"59":{"start":{"line":189,"column":4},"end":{"line":192,"column":6}},"60":{"start":{"line":193,"column":4},"end":{"line":193,"column":74}},"61":{"start":{"line":196,"column":2},"end":{"line":199,"column":4}},"62":{"start":{"line":200,"column":2},"end":{"line":200,"column":54}},"63":{"start":{"line":212,"column":27},"end":{"line":223,"column":1}},"64":{"start":{"line":213,"column":2},"end":{"line":216,"column":3}},"65":{"start":{"line":218,"column":2},"end":{"line":220,"column":3}},"66":{"start":{"line":219,"column":4},"end":{"line":219,"column":22}},"67":{"start":{"line":222,"column":2},"end":{"line":222,"column":35}},"68":{"start":{"line":225,"column":0},"end":{"line":231,"column":1}}},"fnMap":{"0":{"name":"(anonymous_0)","decl":{"start":{"line":5,"column":2},"end":{"line":5,"column":3}},"loc":{"start":{"line":5,"column":52},"end":{"line":10,"column":3}},"line":5},"1":{"name":"(anonymous_1)","decl":{"start":{"line":18,"column":21},"end":{"line":18,"column":22}},"loc":{"start":{"line":18,"column":34},"end":{"line":28,"column":1}},"line":18},"2":{"name":"(anonymous_2)","decl":{"start":{"line":19,"column":9},"end":{"line":19,"column":10}},"loc":{"start":{"line":19,"column":29},"end":{"line":27,"column":3}},"line":19},"3":{"name":"(anonymous_3)","decl":{"start":{"line":20,"column":51},"end":{"line":20,"column":52}},"loc":{"start":{"line":20,"column":62},"end":{"line":26,"column":5}},"line":20},"4":{"name":"(anonymous_4)","decl":{"start":{"line":30,"column":25},"end":{"line":30,"column":26}},"loc":{"start":{"line":30,"column":53},"end":{"line":102,"column":1}},"line":30},"5":{"name":"(anonymous_5)","decl":{"start":{"line":119,"column":31},"end":{"line":119,"column":32}},"loc":{"start":{"line":119,"column":66},"end":{"line":201,"column":1}},"line":119},"6":{"name":"(anonymous_6)","decl":{"start":{"line":212,"column":27},"end":{"line":212,"column":28}},"loc":{"start":{"line":212,"column":54},"end":{"line":223,"column":1}},"line":212}},"branchMap":{"0":{"loc":{"start":{"line":5,"column":36},"end":{"line":5,"column":50}},"type":"default-arg","locations":[{"start":{"line":5,"column":46},"end":{"line":5,"column":50}}],"line":5},"1":{"loc":{"start":{"line":30,"column":38},"end":{"line":30,"column":48}},"type":"default-arg","locations":[{"start":{"line":30,"column":44},"end":{"line":30,"column":48}}],"line":30},"2":{"loc":{"start":{"line":31,"column":23},"end":{"line":31,"column":64}},"type":"binary-expr","locations":[{"start":{"line":31,"column":23},"end":{"line":31,"column":36}},{"start":{"line":31,"column":40},"end":{"line":31,"column":64}}],"line":31},"3":{"loc":{"start":{"line":32,"column":25},"end":{"line":32,"column":79}},"type":"cond-expr","locations":[{"start":{"line":32,"column":31},"end":{"line":32,"column":58}},{"start":{"line":32,"column":61},"end":{"line":32,"column":79}}],"line":32},"4":{"loc":{"start":{"line":34,"column":2},"end":{"line":39,"column":3}},"type":"if","locations":[{"start":{"line":34,"column":2},"end":{"line":39,"column":3}},{"start":{},"end":{}}],"line":34},"5":{"loc":{"start":{"line":41,"column":2},"end":{"line":54,"column":3}},"type":"if","locations":[{"start":{"line":41,"column":2},"end":{"line":54,"column":3}},{"start":{},"end":{}}],"line":41},"6":{"loc":{"start":{"line":42,"column":4},"end":{"line":48,"column":50}},"type":"binary-expr","locations":[{"start":{"line":42,"column":4},"end":{"line":42,"column":37}},{"start":{"line":43,"column":4},"end":{"line":43,"column":38}},{"start":{"line":44,"column":4},"end":{"line":44,"column":37}},{"start":{"line":45,"column":4},"end":{"line":45,"column":35}},{"start":{"line":46,"column":4},"end":{"line":46,"column":43}},{"start":{"line":47,"column":4},"end":{"line":47,"column":53}},{"start":{"line":48,"column":4},"end":{"line":48,"column":50}}],"line":42},"7":{"loc":{"start":{"line":56,"column":2},"end":{"line":72,"column":3}},"type":"if","locations":[{"start":{"line":56,"column":2},"end":{"line":72,"column":3}},{"start":{},"end":{}}],"line":56},"8":{"loc":{"start":{"line":57,"column":4},"end":{"line":61,"column":36}},"type":"binary-expr","locations":[{"start":{"line":57,"column":4},"end":{"line":57,"column":43}},{"start":{"line":58,"column":4},"end":{"line":58,"column":45}},{"start":{"line":59,"column":4},"end":{"line":59,"column":41}},{"start":{"line":60,"column":4},"end":{"line":60,"column":38}},{"start":{"line":61,"column":4},"end":{"line":61,"column":36}}],"line":57},"9":{"loc":{"start":{"line":74,"column":2},"end":{"line":89,"column":3}},"type":"if","locations":[{"start":{"line":74,"column":2},"end":{"line":89,"column":3}},{"start":{},"end":{}}],"line":74},"10":{"loc":{"start":{"line":75,"column":4},"end":{"line":78,"column":34}},"type":"binary-expr","locations":[{"start":{"line":75,"column":4},"end":{"line":75,"column":37}},{"start":{"line":76,"column":4},"end":{"line":76,"column":34}},{"start":{"line":77,"column":4},"end":{"line":77,"column":35}},{"start":{"line":78,"column":4},"end":{"line":78,"column":34}}],"line":75},"11":{"loc":{"start":{"line":91,"column":2},"end":{"line":94,"column":3}},"type":"if","locations":[{"start":{"line":91,"column":2},"end":{"line":94,"column":3}},{"start":{},"end":{}}],"line":91},"12":{"loc":{"start":{"line":98,"column":4},"end":{"line":100,"column":63}},"type":"cond-expr","locations":[{"start":{"line":99,"column":8},"end":{"line":99,"column":20}},{"start":{"line":100,"column":8},"end":{"line":100,"column":63}}],"line":98},"13":{"loc":{"start":{"line":119,"column":50},"end":{"line":119,"column":61}},"type":"default-arg","locations":[{"start":{"line":119,"column":59},"end":{"line":119,"column":61}}],"line":119},"14":{"loc":{"start":{"line":120,"column":10},"end":{"line":120,"column":24}},"type":"default-arg","locations":[{"start":{"line":120,"column":20},"end":{"line":120,"column":24}}],"line":120},"15":{"loc":{"start":{"line":122,"column":2},"end":{"line":154,"column":3}},"type":"if","locations":[{"start":{"line":122,"column":2},"end":{"line":154,"column":3}},{"start":{},"end":{}}],"line":122},"16":{"loc":{"start":{"line":123,"column":4},"end":{"line":129,"column":5}},"type":"if","locations":[{"start":{"line":123,"column":4},"end":{"line":129,"column":5}},{"start":{},"end":{}}],"line":123},"17":{"loc":{"start":{"line":131,"column":4},"end":{"line":137,"column":5}},"type":"if","locations":[{"start":{"line":131,"column":4},"end":{"line":137,"column":5}},{"start":{},"end":{}}],"line":131},"18":{"loc":{"start":{"line":139,"column":4},"end":{"line":147,"column":5}},"type":"if","locations":[{"start":{"line":139,"column":4},"end":{"line":147,"column":5}},{"start":{},"end":{}}],"line":139},"19":{"loc":{"start":{"line":140,"column":6},"end":{"line":141,"column":63}},"type":"binary-expr","locations":[{"start":{"line":140,"column":6},"end":{"line":140,"column":35}},{"start":{"line":141,"column":6},"end":{"line":141,"column":63}}],
[...]
":1}},"3":{"start":{"line":24,"column":2},"end":{"line":24,"column":43}},"4":{"start":{"line":24,"column":32},"end":{"line":24,"column":43}},"5":{"start":{"line":26,"column":18},"end":{"line":26,"column":22}},"6":{"start":{"line":28,"column":2},"end":{"line":28,"column":77}},"7":{"start":{"line":29,"column":2},"end":{"line":29,"column":78}},"8":{"start":{"line":30,"column":2},"end":{"line":30,"column":84}},"9":{"start":{"line":31,"column":2},"end":{"line":31,"column":80}},"10":{"start":{"line":32,"column":2},"end":{"line":32,"column":94}},"11":{"start":{"line":34,"column":2},"end":{"line":34,"column":18}},"12":{"start":{"line":41,"column":21},"end":{"line":43,"column":1}},"13":{"start":{"line":42,"column":2},"end":{"line":42,"column":33}},"14":{"start":{"line":51,"column":12},"end":{"line":97,"column":1}},"15":{"start":{"line":52,"column":20},"end":{"line":52,"column":34}},"16":{"start":{"line":53,"column":27},"end":{"line":53,"column":50}},"17":{"start":{"line":55,"column":18},"end":{"line":55,"column":65}},"18":{"start":{"line":57,"column":2},"end":{"line":78,"column":3}},"19":{"start":{"line":58,"column":27},"end":{"line":58,"column":34}},"20":{"start":{"line":60,"column":4},"end":{"line":75,"column":5}},"21":{"start":{"line":61,"column":6},"end":{"line":61,"column":48}},"22":{"start":{"line":62,"column":11},"end":{"line":75,"column":5}},"23":{"start":{"line":63,"column":6},"end":{"line":67,"column":7}},"24":{"start":{"line":68,"column":11},"end":{"line":75,"column":5}},"25":{"start":{"line":69,"column":6},"end":{"line":69,"column":39}},"26":{"start":{"line":70,"column":6},"end":{"line":74,"column":8}},"27":{"start":{"line":71,"column":8},"end":{"line":73,"column":9}},"28":{"start":{"line":72,"column":10},"end":{"line":72,"column":71}},"29":{"start":{"line":77,"column":4},"end":{"line":77,"column":57}},"30":{"start":{"line":80,"column":2},"end":{"line":96,"column":3}},"31":{"start":{"line":82,"column":4},"end":{"line":82,"column":28}},"32":{"start":{"line":83,"column":4},"end":{"line":83,"column":9}},"33":{"start":{"line":85,"column":4},"end":{"line":85,"column":27}},"34":{"start":{"line":86,"column":4},"end":{"line":86,"column":9}},"35":{"start":{"line":88,"column":4},"end":{"line":90,"column":5}},"36":{"start":{"line":89,"column":6},"end":{"line":89,"column":30}},"37":{"start":{"line":91,"column":4},"end":{"line":91,"column":9}},"38":{"start":{"line":94,"column":4},"end":{"line":94,"column":26}},"39":{"start":{"line":95,"column":4},"end":{"line":95,"column":9}},"40":{"start":{"line":102,"column":15},"end":{"line":138,"column":1}},"41":{"start":{"line":109,"column":4},"end":{"line":109,"column":41}},"42":{"start":{"line":118,"column":4},"end":{"line":118,"column":40}},"43":{"start":{"line":127,"column":4},"end":{"line":127,"column":40}},"44":{"start":{"line":136,"column":4},"end":{"line":136,"column":39}},"45":{"start":{"line":140,"column":0},"end":{"line":140,"column":23}}},"fnMap":{"0":{"name":"(anonymous_0)","decl":{"start":{"line":23,"column":23},"end":{"line":23,"column":24}},"loc":{"start":{"line":23,"column":33},"end":{"line":35,"column":1}},"line":23},"1":{"name":"(anonymous_1)","decl":{"start":{"line":41,"column":21},"end":{"line":41,"column":22}},"loc":{"start":{"line":41,"column":27},"end":{"line":43,"column":1}},"line":41},"2":{"name":"(anonymous_2)","decl":{"start":{"line":51,"column":12},"end":{"line":51,"column":13}},"loc":{"start":{"line":51,"column":48},"end":{"line":97,"column":1}},"line":51},"3":{"name":"(anonymous_3)","decl":{"start":{"line":70,"column":44},"end":{"line":70,"column":45}},"loc":{"start":{"line":70,"column":53},"end":{"line":74,"column":7}},"line":70},"4":{"name":"(anonymous_4)","decl":{"start":{"line":108,"column":9},"end":{"line":108,"column":10}},"loc":{"start":{"line":108,"column":31},"end":{"line":110,"column":3}},"line":108},"5":{"name":"(anonymous_5)","decl":{"start":{"line":117,"column":8},"end":{"line":117,"column":9}},"loc":{"start":{"line":117,"column":30},"end":{"line":119,"column":3}},"line":117},"6":{"name":"(anonymous_6)","decl":{"start":{"line":126,"column":8},"end":{"line":126,"column":9}},"loc":{"start":{"line":126,"column":30},"end":{"line":128,"column":3}},"line":126},"7":{"name":"(anonymous_7)","decl":{"start":{"line":135,"column":9},"end":{"line":135,"column":10}},"loc":{"start":{"line":135,"column":29},"end":{"line":137,"column":3}},"line":135}},"branchMap":{"0":{"loc":{"start":{"line":24,"column":2},"end":{"line":24,"column":43}},"type":"if","locations":[{"start":{"line":24,"column":2},"end":{"line":24,"column":43}},{"start":{},"end":{}}],"line":24},"1":{"loc":{"start":{"line":51,"column":29},"end":{"line":51,"column":43}},"type":"default-arg","locations":[{"start":{"line":51,"column":39},"end":{"line":51,"column":43}}],"line":51},"2":{"loc":{"start":{"line":57,"column":2},"end":{"line":78,"column":3}},"type":"if","locations":[{"start":{"line":57,"column":2},"end":{"line":78,"column":3}},{"start":{},"end":{}}],"line":57},"3":{"loc":{"start":{"line":60,"column":4},"end":{"line":75,"column":5}},"type":"if","locations":[{"start":{"line":60,"column":4},"end":{"line":75,"column":5}},{"start":{"line":62,"column":11},"end":{"line":75,"column":5}}],"line":60},"4":{"loc":{"start":{"line":62,"column":11},"end":{"line":75,"column":5}},"type":"if","locations":[{"start":{"line":62,"column":11},"end":{"line":75,"column":5}},{"start":{"line":68,"column":11},"end":{"line":75,"column":5}}],"line":62},"5":{"loc":{"start":{"line":66,"column":15},"end":{"line":66,"column":108}},"type":"cond-expr","locations":[{"start":{"line":66,"column":56},"end":{"line":66,"column":69}},{"start":{"line":66,"column":72},"end":{"line":66,"column":108}}],"line":66},"6":{"loc":{"start":{"line":68,"column":11},"end":{"line":75,"column":5}},"type":"if","locations":[{"start":{"line":68,"column":11},"end":{"line":75,"column":5}},{"start":{},"end":{}}],"line":68},"7":{"loc":{"start":{"line":71,"column":8},"end":{"line":73,"column":9}},"type":"if","locations":[{"start":{"line":71,"column":8},"end":{"line":73,"column":9}},{"start":{},"end":{}}],"line":71},"8":{"loc":{"start":{"line":80,"column":2},"end":{"line":96,"column":3}},"type":"switch","locations":[{"start":{"line":81,"column":2},"end":{"line":83,"column":9}},{"start":{"line":84,"column":2},"end":{"line":86,"column":9}},{"start":{"line":87,"column":2},"end":{"line":91,"column":9}},{"start":{"line":92,"column":2},"end":{"line":92,"column":21}},{"start":{"line":93,"column":2},"end":{"line":95,"column":9}}],"line":80},"9":{"loc":{"start":{"line":88,"column":4},"end":{"line":90,"column":5}},"type":"if","locations":[{"start":{"line":88,"column":4},"end":{"line":90,"column":5}},{"start":{},"end":{}}],"line":88}},"s":{"0":12,"1":12,"2":12,"3":87,"4":1,"5":86,"6":86,"7":86,"8":86,"9":86,"10":86,"11":86,"12":12,"13":63,"14":12,"15":63,"16":63,"17":63,"18":63,"19":24,"20":24,"21":4,"22":20,"23":6,"24":14,"25":11,"26":11,"27":24,"28":14,"29":24,"30":63,"31":11,"32":11,"33":9,"34":9,"35":5,"36":4,"37":5,"38":38,"39":38,"40":12,"41":5,"42":38,"43":9,"44":11,"45":12},"f":{"0":87,"1":63,"2":63,"3":24,"4":5,"5":38,"6":9,"7":11},"b":{"0":[1,86],"1":[36],"2":[24,39],"3":[4,20],"4":[6,14],"5":[1,5],"6":[11,3],"7":[14,10],"8":[11,9,5,38,38],"9":[4,1]},"_coverageSchema":"1a1c01bbd47fc00a2c39e90264f33305004495a9","hash":"7f4ce397cacef2f52a7f04cbaa84335eab2b0d46"}
,"C:\\Users\\Gabriel\\Documents\\codes\\unit-testing-jest\\src\\utils\\responseHandler.js": {"path":"C:\\Users\\Gabriel\\Documents\\codes\\unit-testing-jest\\src\\utils\\responseHandler.js","statementMap":{"0":{"start":{"line":1,"column":15},"end":{"line":1,"column":34}},"1":{"start":{"line":11,"column":20},"end":{"line":26,"column":1}},"2":{"start":{"line":12,"column":19},"end":{"line":15,"column":3}},"3":{"start":{"line":17,"column":2},"end":{"line":19,"column":3}},"4":{"start":{"line":18,"column":4},"end":{"line":18,"column":30}},"5":{"start":{"line":21,"column":2},"end":{"line":23,"column":3}},"6":{"start":{"line":22,"column":4},"end":{"line":22,"column":32}},"7":{"start":{"line":25,"column":2},"end":{"line":25,"column":46}},"8":{"start":{"line":37,"column":18},"end":{"line":73,"column":1}},"9":{"start":{"line":39,"column":2},"end":{"line":42,"column":4}},"10":{"start":{"line":44,"column":19},"end":{"line":47,"column":3}},"11":{"start":{"line":50,"column":2},"end":{"line":70,"column":3}},"12":{"start":{"line":51,"column":4},"end":{"line":51,"column":30}},"13":{"start":{"line":52,"column":9},"end":{"line":70,"column":3}},"14":{"start":{"line":55,"column":24},"end":{"line":55,"column":26}},"15":{"start":{"line":56,"column":4},"end":{"line":65,"column":6}},"16":{"start":{"line":57,"column":20},"end":{"line":57,"column":32}},"17":{"start":{"line":59,"column":6},"end":{"line":64,"column":7}},"18":{"start":{"line":63,"column":8},"end":{"line":63,"column":32}},"19":{"start":{"line":67,"column":4},"end":{"line":69,"column":5}},"20":{"start":{"line":68,"column":6},"end":{"line":68,"column":36}},"21":{"start":{"line":72,"column":2},"end":{"line":72,"column":46}},"22":{"start":{"line":82,"column":28},"end":{"line":101,"column":1}},"23":{"start":{"line":84,"column":2},"end":{"line":84,"column":59}},"24":{"start":{"line":86,"column":19},"end":{"line":90,"column":3}},"25":{"start":{"line":92,"column":2},"end":{"line":98,"column":3}},"26":{"start":{"line":93,"column":4},"end":{"line":97,"column":5}},"27":{"start":{"line":94,"column":6},"end":{"line":94,"column":39}},"28":{"start":{"line":95,"column":11},"end":{"line":97,"column":5}},"29":{"start":{"line":96,"column":6},"end":{"line":96,"column":32}},"30":{"start":{"line":100,"column":2},"end":{"line":100,"column":39}},"31":{"start":{"line":103,"column":0},"end":{"line":107,"column":1}}},"fnMap":{"0":{"name":"(anonymous_0)","decl":{"start":{"line":11,"column":20},"end":{"line":11,"column":21}},"loc":{"start":{"line":11,"column":63},"end":{"line":26,"column":1}},"line":11},"1":{"name":"(anonymous_1)","decl":{"start":{"line":37,"column":18},"end":{"line":37,"column":19}},"loc":{"start":{"line":37,"column":81},"end":{"line":73,"column":1}},"line":37},"2":{"name":"(anonymous_2)","decl":{"start":{"line":56,"column":33},"end":{"line":56,"column":34}},"loc":{"start":{"line":56,"column":42},"end":{"line":65,"column":5}},"line":56},"3":{"name":"(anonymous_3)","decl":{"start":{"line":82,"column":28},"end":{"line":82,"column":29}},"loc":{"start":{"line":82,"column":62},"end":{"line":101,"column":1}},"line":82}},"branchMap":{"0":{"loc":{"start":{"line":11,"column":44},"end":{"line":11,"column":58}},"type":"default-arg","locations":[{"start":{"line":11,"column":54},"end":{"line":11,"column":58}}],"line":11},"1":{"loc":{"start":{"line":17,"column":2},"end":{"line":19,"column":3}},"type":"if","locations":[{"start":{"line":17,"column":2},"end":{"line":19,"column":3}},{"start":{},"end":{}}],"line":17},"2":{"loc":{"start":{"line":21,"column":2},"end":{"line":23,"column":3}},"type":"if","locations":[{"start":{"line":21,"column":2},"end":{"line":23,"column":3}},{"start":{},"end":{}}],"line":21},"3":{"loc":{"start":{"line":37,"column":43},"end":{"line":37,"column":57}},"type":"default-arg","locations":[{"start":{"line":37,"column":53},"end":{"line":37,"column":57}}],"line":37},"4":{"loc":{"start":{"line":37,"column":59},"end":{"line":37,"column":76}},"type":"default-arg","locations":[{"start":{"line":37,"column":72},"end":{"line":37,"column":76}}],"line":37},"5":{"loc":{"start":{"line":50,"column":2},"end":{"line":70,"column":3}},"type":"if","locations":[{"start":{"line":50,"column":2},"end":{"line":70,"column":3}},{"start":{"line":52,"column":9},"end":{"line":70,"column":3}}],"line":50},"6":{"loc":{"start":{"line":52,"column":9},"end":{"line":70,"column":3}},"type":"if","locations":[{"start":{"line":52,"column":9},"end":{"line":70,"column":3}},{"start":{},"end":{}}],"line":52},"7":{"loc":{"start":{"line":52,"column":13},"end":{"line":52,"column":60}},"type":"binary-expr","locations":[{"start":{"line":52,"column":13},"end":{"line":52,"column":40}},{"start":{"line":52,"column":44},"end":{"line":52,"column":60}}],"line":52},"8":{"loc":{"start":{"line":59,"column":6},"end":{"line":64,"column":7}},"type":"if","locations":[{"start":{"line":59,"column":6},"end":{"line":64,"column":7}},{"start":{},"end":{}}],"line":59},"9":{"loc":{"start":{"line":59,"column":10},"end":{"line":62,"column":47}},"type":"binary-expr","locations":[{"start":{"line":59,"column":10},"end":{"line":59,"column":44}},{"start":{"line":60,"column":10},"end":{"line":60,"column":46}},{"start":{"line":61,"column":10},"end":{"line":61,"column":49}},{"start":{"line":62,"column":10},"end":{"line":62,"column":47}}],"line":59},"10":{"loc":{"start":{"line":67,"column":4},"end":{"line":69,"column":5}},"type":"if","locations":[{"start":{"line":67,"column":4},"end":{"line":69,"column":5}},{"start":{},"end":{}}],"line":67},"11":{"loc":{"start":{"line":82,"column":43},"end":{"line":82,"column":57}},"type":"default-arg","locations":[{"start":{"line":82,"column":53},"end":{"line":82,"column":57}}],"line":82},"12":{"loc":{"start":{"line":92,"column":2},"end":{"line":98,"column":3}},"type":"if","locations":[{"start":{"line":92,"column":2},"end":{"line":98,"column":3}},{"start":{},"end":{}}],"line":92},"13":{"loc":{"start":{"line":93,"column":4},"end":{"line":97,"column":5}},"type":"if","locations":[{"start":{"line":93,"column":4},"end":{"line":97,"column":5}},{"start":{"line":95,"column":11},"end":{"line":97,"column":5}}],"line":93},"14":{"loc":{"start":{"line":95,"column":11},"end":{"line":97,"column":5}},"type":"if","locations":[{"start":{"line":95,"column":11},"end":{"line":97,"column":5}},{"start":{},"end":{}}],"line":95}},"s":{"0":9,"1":9,"2":16,"3":16,"4":2,"5":16,"6":3,"7":16,"8":9,"9":24,"10":24,"11":24,"12":2,"13":22,"14":11,"15":11,"16":27,"17":27,"18":13,"19":11,"20":10,"21":24,"22":9,"23":18,"24":18,"25":18,"26":8,"27":2,"28":6,"29":3,"30":18,"31":9},"f":{"0":16,"1":24,"2":27,"3":18},"b":{"0":[13],"1":[2,14],"2":[3,13],"3":[10],"4":[23],"5":[2,22],"6":[11,11],"7":[22,22],"8":[13,14],"9":[27,22,18,15],"10":[10,1],"11":[9],"12":[8,10],"13":[2,6],"14":[3,3]},"_coverageSchema":"1a1c01bbd47fc00a2c39e90264f33305004495a9","hash":"ce82689c30347e1feda5d683bbf01169e6c91e3a"}
,"C:\\Users\\Gabriel\\Documents\\codes\\unit-testing-jest\\src\\utils\\validators.js": {"path":"C:\\Users\\Gabriel\\Documents\\codes\\unit-testing-jest\\src\\utils\\validators.js","statementMap":{"0":{"start":{"line":10,"column":30},"end":{"line":18,"column":1}},"1":{"start":{"line":11,"column":2},"end":{"line":13,"column":3}},"2":{"start":{"line":12,"column":4},"end":{"line":12,"column":52}},"3":{"start":{"line":15,"column":2},"end":{"line":17,"column":3}},"4":{"start":{"line":16,"column":4},"end":{"line":16,"column":69}},"5":{"start":{"line":26,"column":28},"end":{"line":29,"column":1}},"6":{"start":{"line":27,"column":2},"end":{"line":27,"column":54}},"7":{"start":{"line":28,"column":2},"end":{"line":28,"column":58}},"8":{"start":{"line":36,"column":25},"end":{"line":38,"column":1}},"9":{"start":{"line":37,"column":2},"end":{"line":37,"column":73}},"10":{"start":{"line":45,"column":25},"end":{"line":49,"column":1}},"11":{"start":{"line":46,"column":2},"end":{"line":48,"column":3}},"12":{"start":{"line":47,"column":4},"end":{"line":47,"column":56}},"13":{"start":{"line":56,"column":26},"end":{"line":60,"column":1}},"14":{"start":{"line":57,"column":2},"end":{"line":59,"column":3}},"15":{"start":{"line":58,"column":4},"end":{"line":58,"column":60}},"16":{"start":{"line":67,"column":29},"end":{"line":71,"column":1}},"17":{"start":{"line":68,"column":2},"end":{"line":70,"column":3}},"18":{"start":{"line":69,"column":4},"end":{"line":69,"column":59}},"19":{"start":{"line":79,"column":31},"end":{"line":85,"column":1}},"20":{"start":{"line":80,"column":2},"end":{"line":84,"column":3}},"21":{"start":{"line":81,"column":4},"end":{"line":83,"column":5}},"22":{"start":{"line":82,"column":6},"end":{"line":82,"column":57}},"23":{"start":{"line":87,"column":0},"end":{"line":95,"column":1}}},"fnMap":{"0":{"name":"(anonymous_0)","decl":{"start":{"line":10,"column":30},"end":{"line":10,"column":31}},"loc":{"start":{"line":10,"column":62},"end":{"line":18,"column":1}},"line":10},"1":{"name":"(anonymous_1)","decl":{"start":{"line":26,"column":28},"end":{"line":26,"column":29}},"loc":{"start":{"line":26,"column":53},"end":{"line":29,"column":1}},"line":26},"2":{"name":"(anonymous_2)","decl":{"start":{"line":36,"column":25},"end":{"line":36,"column":26}},"loc":{"start":{"line":36,"column":39},"end":{"line":38,"column":1}},"line":36},"3":{"name":"(anonymous_3)","decl":{"start":{"line":45,"column":25},"end":{"line":45,"column":26}},"loc":{"start":{"line":45,"column":39},"end":{"line":49,"column":1}},"line":45},"4":{"name":"(anonymous_4)","decl":{"start":{"line":56,"column":26},"end":{"line":56,"column":27}},"loc":{"start":{"line":56,"column":41},"end":{"line":60,"column":1}},"line":56},"5":{"name":"(anonymous_5)","decl":{"start":{"line":67,"column":29},"end":{"line":67,"column":30}},"loc":{"start":{"line":67,"column":47},"end":{"line":71,"column":1}},"line":67},"6":{"name":"(anonymous_6)","decl":{"start":{"line":79,"column":31},"end":{"line":79,"column":32}},"loc":{"start":{"line":79,"column":57},"end":{"line":85,"column":1}},"line":79}},"branchMap":{"0":{"loc":{"start":{"line":11,"column":2},"end":{"line":13,"column":3}},"type":"if","locations":[{"start":{"line":11,"column":2},"end":{"line":13,"column":3}},{"start":{},"end":{}}],"line":11},"1":{"loc":{"start":{"line":15,"column":2},"end":{"line":17,"column":3}},"type":"if","locations":[{"start":{"line":15,"column":2},"end":{"line":17,"column":3}},{"start":{},"end":{}}],"line":15},"2":{"loc":{"start":{"line":15,"column":6},"end":{"line":15,"column":32}},"type":"binary-expr","locations":[{"start":{"line":15,"column":6},"end":{"line":15,"column":17}},{"start":{"line":15,"column":21},"end":{"line":15,"column":32}}],"line":15},"3":{"loc":{"start":{"line":46,"column":2},"end":{"line":48,"column":3}},"type":"if","locations":[{"start":{"line":46,"column":2},"end":{"line":48,"column":3}},{"start":{},"end":{}}],"line":46},"4":{"loc":{"start":{"line":46,"column":6},"end":{"line":46,"column":49}},"type":"binary-expr","locations":[{"start":{"line":46,"column":6},"end":{"line":46,"column":28}},{"start":{"line":46,"column":32},"end":{"line":46,"column":49}}],"line":46},"5":{"loc":{"start":{"line":57,"column":2},"end":{"line":59,"column":3}},"type":"if","locations":[{"start":{"line":57,"column":2},"end":{"line":59,"column":3}},{"start":{},"end":{}}],"line":57},"6":{"loc":{"start":{"line":57,"column":6},"end":{"line":57,"column":51}},"type":"binary-expr","locations":[{"start":{"line":57,"column":6},"end":{"line":57,"column":29}},{"start":{"line":57,"column":33},"end":{"line":57,"column":51}}],"line":57},"7":{"loc":{"start":{"line":68,"column":2},"end":{"line":70,"column":3}},"type":"if","locations":[{"start":{"line":68,"column":2},"end":{"line":70,"column":3}},{"start":{},"end":{}}],"line":68},"8":{"loc":{"start":{"line":81,"column":4},"end":{"line":83,"column":5}},"type":"if","locations":[{"start":{"line":81,"column":4},"end":{"line":83,"column":5}},{"start":{},"end":{}}],"line":81},"9":{"loc":{"start":{"line":81,"column":8},"end":{"line":81,"column":79}},"type":"binary-expr","locations":[{"start":{"line":81,"column":8},"end":{"line":81,"column":33}},{"start":{"line":81,"column":37},"end":{"line":81,"column":57}},{"start":{"line":81,"column":61},"end":{"line":81,"column":79}}],"line":81}},"s":{"0":2,"1":139,"2":18,"3":121,"4":42,"5":2,"6":14,"7":9,"8":2,"9":10,"10":2,"11":13,"12":9,"13":2,"14":13,"15":9,"16":2,"17":10,"18":5,"19":2,"20":15,"21":25,"22":7,"23":2},"f":{"0":139,"1":14,"2":10,"3":13,"4":13,"5":10,"6":15},"b":{"0":[18,121],"1":[42,79],"2":[121,98],"3":[9,4],"4":[13,11],"5":[9,4],"6":[13,11],"7":[5,5],"8":[7,18],"9":[25,20,19]},"_coverageSchema":"1a1c01bbd47fc00a2c39e90264f33305004495a9","hash":"a5a622272752e652abe81dba393fd03f65c97c3f"}
}
