TN:
SF:src\clients\locationiq.js
FN:25,(anonymous_0)
FN:57,(anonymous_1)
FN:96,(anonymous_2)
FNF:3
FNH:3
FNDA:3,(anonymous_0)
FNDA:5,(anonymous_1)
FNDA:3,(anonymous_2)
DA:1,13
DA:2,13
DA:3,13
DA:9,13
DA:11,13
DA:12,1
DA:25,13
DA:26,3
DA:27,3
DA:29,3
DA:41,2
DA:42,2
DA:44,1
DA:57,13
DA:58,5
DA:59,5
DA:61,5
DA:71,4
DA:72,4
DA:73,2
DA:74,2
DA:77,2
DA:78,2
DA:80,3
DA:81,2
DA:83,1
DA:96,13
DA:97,3
DA:98,3
DA:100,3
DA:110,2
DA:111,2
DA:113,1
DA:117,13
LF:34
LH:34
BRDA:11,0,0,1
BRDA:11,0,1,12
BRDA:41,1,0,2
BRDA:41,1,1,1
BRDA:42,2,0,2
BRDA:42,2,1,1
BRDA:71,3,0,4
BRDA:71,3,1,1
BRDA:72,4,0,2
BRDA:72,4,1,2
BRDA:80,5,0,2
BRDA:80,5,1,1
BRF:12
BRH:12
end_of_record
TN:
SF:src\controllers\reservationController.js
FN:14,(anonymous_0)
FN:28,(anonymous_1)
FN:40,(anonymous_2)
FN:55,(anonymous_3)
FN:71,(anonymous_4)
FN:84,(anonymous_5)
FNF:6
FNH:6
FNDA:3,(anonymous_0)
FNDA:3,(anonymous_1)
FNDA:3,(anonymous_2)
FNDA:4,(anonymous_3)
FNDA:3,(anonymous_4)
FNDA:3,(anonymous_5)
DA:1,1
DA:2,1
DA:12,1
DA:14,1
DA:15,3
DA:16,3
DA:18,3
DA:22,2
DA:24,1
DA:28,1
DA:29,3
DA:30,3
DA:31,1
DA:33,2
DA:34,1
DA:36,1
DA:40,1
DA:41,3
DA:42,3
DA:43,3
DA:45,2
DA:46,1
DA:49,1
DA:51,1
DA:55,1
DA:56,4
DA:57,4
DA:58,4
DA:59,1
DA:61,3
DA:62,1
DA:64,2
DA:65,1
DA:67,1
DA:71,1
DA:72,3
DA:73,3
DA:74,3
DA:75,1
DA:77,2
DA:78,1
DA:80,1
DA:84,1
DA:85,3
DA:86,3
DA:87,3
DA:88,1
DA:90,2
DA:91,1
DA:93,1
DA:97,1
LF:51
LH:51
BRDA:18,0,0,1
BRDA:18,0,1,2
BRDA:33,1,0,1
BRDA:33,1,1,1
BRDA:45,2,0,1
BRDA:45,2,1,1
BRDA:61,3,0,1
BRDA:61,3,1,2
BRDA:64,4,0,1
BRDA:64,4,1,1
BRDA:77,5,0,1
BRDA:77,5,1,1
BRDA:90,6,0,1
BRDA:90,6,1,1
BRF:14
BRH:14
end_of_record
TN:
SF:src\controllers\restaurantController.js
FN:12,(anonymous_0)
FN:21,(anonymous_1)
FN:30,(anonymous_2)
FN:45,(anonymous_3)
FN:58,(anonymous_4)
FN:71,(anonymous_5)
FNF:6
FNH:6
FNDA:2,(anonymous_0)
FNDA:2,(anonymous_1)
FNDA:3,(anonymous_2)
FNDA:3,(anonymous_3)
FNDA:3,(anonymous_4)
FNDA:3,(anonymous_5)
DA:1,1
DA:2,1
DA:10,1
DA:12,1
DA:13,2
DA:14,2
DA:15,1
DA:17,1
DA:21,1
DA:22,2
DA:23,2
DA:24,1
DA:26,1
DA:30,1
DA:31,3
DA:32,3
DA:33,3
DA:35,2
DA:36,1
DA:39,1
DA:41,1
DA:45,1
DA:46,3
DA:47,3
DA:48,3
DA:49,1
DA:51,2
DA:52,1
DA:54,1
DA:58,1
DA:59,3
DA:60,3
DA:61,3
DA:62,1
DA:64,2
DA:65,1
DA:67,1
DA:71,1
DA:72,3
DA:73,3
DA:74,3
DA:80,2
DA:82,1
DA:86,1
LF:44
LH:44
BRDA:35,0,0,1
BRDA:35,0,1,1
BRDA:51,1,0,1
BRDA:51,1,1,1
BRDA:64,2,0,1
BRDA:64,2,1,1
BRDA:73,3,0,2
BRDA:73,4,0,2
BRF:8
BRH:8
end_of_record
TN:
SF:src\middlewares\locationiqValidator.js
FN:9,(anonymous_0)
FN:28,(anonymous_1)
FN:43,(anonymous_2)
FN:52,(anonymous_3)
FN:76,(anonymous_4)
FNF:5
FNH:5
FNDA:26,(anonymous_0)
FNDA:21,(anonymous_1)
FNDA:16,(anonymous_2)
FNDA:10,(anonymous_3)
FNDA:8,(anonymous_4)
DA:1,1
DA:9,1
DA:10,26
DA:11,4
DA:14,22
DA:15,3
DA:18,19
DA:19,3
DA:28,1
DA:29,21
DA:30,6
DA:43,1
DA:44,16
DA:45,12
DA:47,10
DA:48,2
DA:52,1
DA:53,10
DA:54,10
DA:56,10
DA:57,2
DA:60,8
DA:61,8
DA:62,8
DA:64,8
DA:65,5
DA:67,5
DA:76,1
DA:77,8
DA:78,3
DA:81,5
DA:82,1
DA:86,1
LF:33
LH:33
BRDA:10,0,0,4
BRDA:10,0,1,22
BRDA:10,1,0,26
BRDA:10,1,1,24
BRDA:14,2,0,3
BRDA:14,2,1,19
BRDA:14,3,0,22
BRDA:14,3,1,21
BRDA:18,4,0,3
BRDA:18,4,1,16
BRDA:18,5,0,19
BRDA:18,5,1,18
BRDA:29,6,0,6
BRDA:29,6,1,15
BRDA:29,7,0,21
BRDA:29,7,1,19
BRDA:47,8,0,2
BRDA:47,8,1,8
BRDA:47,9,0,10
BRDA:47,9,1,8
BRDA:54,10,0,2
BRDA:54,11,0,1
BRDA:56,12,0,2
BRDA:56,12,1,8
BRDA:56,13,0,10
BRDA:56,13,1,9
BRDA:77,14,0,3
BRDA:77,14,1,5
BRDA:77,15,0,8
BRDA:77,15,1,6
BRDA:81,16,0,1
BRDA:81,16,1,4
BRF:32
BRH:32
end_of_record
TN:
SF:src\middlewares\paramValidator.js
FN:8,(anonymous_0)
FN:21,(anonymous_1)
FN:22,(anonymous_2)
FN:45,(anonymous_3)
FN:46,(anonymous_4)
FNF:5
FNH:5
FNDA:16,(anonymous_0)
FNDA:2,(anonymous_1)
FNDA:22,(anonymous_2)
FNDA:1,(anonymous_3)
FNDA:11,(anonymous_4)
DA:1,1
DA:8,1
DA:9,16
DA:10,16
DA:11,6
DA:13,10
DA:21,1
DA:22,2
DA:23,22
DA:24,22
DA:25,22
DA:26,6
DA:28,16
DA:29,10
DA:31,12
DA:36,1
DA:38,1
DA:45,1
DA:46,1
DA:47,11
DA:48,11
DA:50,11
DA:51,8
DA:52,8
DA:53,5
DA:56,6
DA:58,5
DA:63,1
DA:65,1
LF:29
LH:29
BRDA:10,0,0,6
BRDA:10,0,1,10
BRDA:10,1,0,16
BRDA:10,1,1,14
BRDA:25,2,0,6
BRDA:25,2,1,16
BRDA:50,3,0,8
BRDA:50,3,1,3
BRDA:50,4,0,11
BRDA:50,4,1,10
BRDA:50,4,2,9
BRDA:52,5,0,5
BRDA:52,5,1,3
BRDA:52,6,0,8
BRDA:52,6,1,6
BRF:15
BRH:15
end_of_record
TN:
SF:src\middlewares\reservationValidator.js
FN:8,(anonymous_0)
FN:9,(anonymous_1)
FN:24,(anonymous_2)
FN:42,(anonymous_3)
FN:54,(anonymous_4)
FN:78,(anonymous_5)
FN:89,(anonymous_6)
FNF:7
FNH:7
FNDA:2,(anonymous_0)
FNDA:7,(anonymous_1)
FNDA:13,(anonymous_2)
FNDA:22,(anonymous_3)
FNDA:19,(anonymous_4)
FNDA:7,(anonymous_5)
FNDA:11,(anonymous_6)
DA:1,1
DA:8,1
DA:9,2
DA:10,7
DA:11,7
DA:12,3
DA:14,4
DA:24,1
DA:25,13
DA:27,13
DA:28,6
DA:31,7
DA:32,5
DA:35,1
DA:42,1
DA:43,22
DA:44,10
DA:54,1
DA:55,19
DA:56,19
DA:58,19
DA:59,4
DA:62,15
DA:64,15
DA:65,5
DA:68,9
DA:78,1
DA:79,7
DA:80,3
DA:89,1
DA:90,11
DA:91,5
DA:94,9
DA:95,4
DA:96,3
DA:105,1
DA:107,1
LF:37
LH:37
BRDA:27,0,0,6
BRDA:27,0,1,7
BRDA:27,1,0,13
BRDA:27,1,1,12
BRDA:27,1,2,11
BRDA:27,1,3,9
BRDA:27,1,4,8
BRDA:43,2,0,10
BRDA:43,2,1,12
BRDA:43,3,0,22
BRDA:43,3,1,19
BRDA:58,4,0,4
BRDA:58,4,1,15
BRDA:64,5,0,5
BRDA:64,5,1,10
BRDA:79,6,0,3
BRDA:79,6,1,4
BRDA:90,7,0,5
BRDA:90,7,1,6
BRDA:94,8,0,4
BRDA:94,8,1,5
BRDA:94,9,0,9
BRDA:94,9,1,5
BRDA:95,10,0,3
BRDA:95,10,1,1
BRDA:95,11,0,4
BRDA:95,11,1,4
BRF:27
BRH:27
end_of_record
TN:
SF:src\middlewares\restaurantValidator.js
FN:9,(anonymous_0)
FN:10,(anonymous_1)
FN:25,(anonymous_2)
FN:50,(anonymous_3)
FN:59,(anonymous_4)
FN:68,(anonymous_5)
FN:77,(anonymous_6)
FNF:7
FNH:7
FNDA:2,(anonymous_0)
FNDA:11,(anonymous_1)
FNDA:15,(anonymous_2)
FNDA:29,(anonymous_3)
FNDA:22,(anonymous_4)
FNDA:21,(anonymous_5)
FNDA:15,(anonymous_6)
DA:1,1
DA:2,1
DA:9,1
DA:10,2
DA:11,11
DA:12,11
DA:13,5
DA:15,6
DA:25,1
DA:26,15
DA:28,15
DA:29,4
DA:32,11
DA:34,9
DA:35,5
DA:38,7
DA:39,4
DA:43,1
DA:50,1
DA:51,29
DA:59,1
DA:60,22
DA:68,1
DA:69,21
DA:77,1
DA:78,15
DA:79,7
DA:82,13
DA:83,5
DA:86,11
DA:87,5
DA:91,1
DA:93,1
LF:33
LH:33
BRDA:28,0,0,4
BRDA:28,0,1,11
BRDA:28,1,0,15
BRDA:28,1,1,14
BRDA:28,1,2,13
BRDA:34,2,0,5
BRDA:34,2,1,4
BRDA:34,3,0,9
BRDA:34,3,1,5
BRDA:38,4,0,4
BRDA:38,4,1,3
BRDA:38,5,0,7
BRDA:38,5,1,4
BRDA:78,6,0,7
BRDA:78,6,1,8
BRDA:82,7,0,5
BRDA:82,7,1,8
BRDA:82,8,0,13
BRDA:82,8,1,5
BRDA:86,9,0,5
BRDA:86,9,1,6
BRDA:86,10,0,11
BRDA:86,10,1,6
BRF:23
BRH:23
end_of_record
TN:
SF:src\services\locationiqService.js
FN:20,(anonymous_0)
FN:50,(anonymous_1)
FN:68,(anonymous_2)
FN:92,(anonymous_3)
FN:125,(anonymous_4)
FN:130,(anonymous_5)
FN:135,(anonymous_6)
FN:136,(anonymous_7)
FN:147,(anonymous_8)
FN:165,(anonymous_9)
FNF:10
FNH:10
FNDA:29,(anonymous_0)
FNDA:5,(anonymous_1)
FNDA:22,(anonymous_2)
FNDA:22,(anonymous_3)
FNDA:17,(anonymous_4)
FNDA:22,(anonymous_5)
FNDA:22,(anonymous_6)
FNDA:7,(anonymous_7)
FNDA:4,(anonymous_8)
FNDA:5,(anonymous_9)
DA:8,1
DA:20,1
DA:21,29
DA:22,29
DA:25,29
DA:30,29
DA:35,29
DA:37,29
DA:38,29
DA:50,1
DA:51,5
DA:53,5
DA:54,5
DA:55,5
DA:56,5
DA:58,5
DA:68,1
DA:69,22
DA:70,20
DA:71,20
DA:72,19
DA:76,3
DA:77,1
DA:80,2
DA:92,1
DA:93,22
DA:95,22
DA:96,22
DA:98,22
DA:105,22
DA:125,1
DA:126,17
DA:127,2
DA:130,15
DA:131,22
DA:134,15
DA:135,22
DA:136,7
DA:138,15
DA:147,1
DA:148,4
DA:165,1
DA:166,5
DA:168,5
DA:182,1
LF:45
LH:45
BRDA:69,0,0,20
BRDA:69,0,1,2
BRDA:71,1,0,19
BRDA:71,1,1,1
BRDA:71,2,0,20
BRDA:71,2,1,19
BRDA:76,3,0,1
BRDA:76,3,1,2
BRDA:108,4,0,22
BRDA:108,4,1,2
BRDA:126,5,0,2
BRDA:126,5,1,15
BRDA:126,6,0,17
BRDA:126,6,1,16
BRDA:152,7,0,4
BRDA:152,7,1,3
BRDA:155,8,0,4
BRDA:155,8,1,3
BRDA:166,9,0,5
BRDA:166,9,1,1
BRDA:172,10,0,5
BRDA:172,10,1,3
BRDA:173,11,0,5
BRDA:173,11,1,4
BRDA:174,12,0,5
BRDA:174,12,1,4
BRDA:175,13,0,5
BRDA:175,13,1,3
BRDA:176,14,0,5
BRDA:176,14,1,3
BRF:30
BRH:30
end_of_record
TN:
SF:src\services\reservationService.js
FN:19,(anonymous_0)
FN:28,(anonymous_1)
FN:37,(anonymous_2)
FN:47,(anonymous_3)
FN:61,(anonymous_4)
FN:75,(anonymous_5)
FN:77,(anonymous_6)
FN:92,(anonymous_7)
FN:114,(anonymous_8)
FN:132,(anonymous_9)
FN:143,(anonymous_10)
FNF:11
FNH:11
FNDA:3,(anonymous_0)
FNDA:3,(anonymous_1)
FNDA:3,(anonymous_2)
FNDA:16,(anonymous_3)
FNDA:9,(anonymous_4)
FNDA:9,(anonymous_5)
FNDA:11,(anonymous_6)
FNDA:6,(anonymous_7)
FNDA:7,(anonymous_8)
FNDA:3,(anonymous_9)
FNDA:3,(anonymous_10)
DA:10,1
DA:13,1
DA:19,1
DA:20,3
DA:28,1
DA:29,3
DA:37,1
DA:38,3
DA:47,1
DA:48,16
DA:49,16
DA:50,5
DA:52,11
DA:61,1
DA:62,9
DA:63,9
DA:64,2
DA:66,7
DA:75,1
DA:76,9
DA:77,9
DA:78,11
DA:79,9
DA:82,9
DA:92,1
DA:93,6
DA:94,6
DA:96,6
DA:98,5
DA:100,4
DA:114,1
DA:115,7
DA:117,6
DA:118,3
DA:119,2
DA:122,4
DA:123,4
DA:132,1
DA:133,3
DA:134,2
DA:143,1
DA:144,3
DA:145,2
DA:148,1
LF:44
LH:44
BRDA:49,0,0,5
BRDA:49,0,1,11
BRDA:63,1,0,2
BRDA:63,1,1,7
BRDA:78,2,0,9
BRDA:78,2,1,2
BRDA:78,3,0,11
BRDA:78,3,1,10
BRDA:94,4,0,6
BRDA:94,4,1,5
BRDA:117,5,0,3
BRDA:117,5,1,3
BRF:12
BRH:12
end_of_record
TN:
SF:src\services\restaurantService.js
FN:19,(anonymous_0)
FN:27,(anonymous_1)
FN:36,(anonymous_2)
FN:46,(anonymous_3)
FN:60,(anonymous_4)
FN:62,(anonymous_5)
FN:77,(anonymous_6)
FN:89,(anonymous_7)
FN:102,(anonymous_8)
FNF:9
FNH:9
FNDA:3,(anonymous_0)
FNDA:3,(anonymous_1)
FNDA:3,(anonymous_2)
FNDA:10,(anonymous_3)
FNDA:8,(anonymous_4)
FNDA:10,(anonymous_5)
FNDA:4,(anonymous_6)
FNDA:3,(anonymous_7)
FNDA:11,(anonymous_8)
DA:7,1
DA:8,1
DA:9,1
DA:12,1
DA:19,1
DA:20,3
DA:27,1
DA:28,3
DA:36,1
DA:37,3
DA:46,1
DA:47,10
DA:48,10
DA:49,4
DA:51,6
DA:60,1
DA:61,8
DA:62,8
DA:63,10
DA:64,8
DA:67,8
DA:77,1
DA:78,4
DA:79,3
DA:80,3
DA:89,1
DA:90,3
DA:91,2
DA:102,1
DA:103,11
DA:104,11
DA:105,11
DA:106,11
DA:107,11
DA:109,11
DA:115,11
DA:121,10
DA:128,10
DA:141,1
LF:39
LH:39
BRDA:48,0,0,4
BRDA:48,0,1,6
BRDA:63,1,0,8
BRDA:63,1,1,2
BRDA:63,2,0,10
BRDA:63,2,1,9
BRF:6
BRH:6
end_of_record
TN:
SF:src\utils\controllerHelper.js
FN:11,(anonymous_0)
FN:28,(anonymous_1)
FN:31,(anonymous_2)
FNF:3
FNH:3
FNDA:9,(anonymous_0)
FNDA:12,(anonymous_1)
FNDA:25,(anonymous_2)
DA:1,1
DA:11,1
DA:12,9
DA:14,9
DA:15,5
DA:16,5
DA:19,4
DA:28,1
DA:29,12
DA:31,12
DA:32,25
DA:33,18
DA:37,12
DA:40,1
LF:14
LH:14
BRDA:14,0,0,5
BRDA:14,0,1,4
BRDA:32,1,0,18
BRDA:32,1,1,7
BRDA:32,2,0,25
BRDA:32,2,1,21
BRF:6
BRH:6
end_of_record
TN:
SF:src\utils\errorHandler.js
FN:5,(anonymous_0)
FN:18,(anonymous_1)
FN:19,(anonymous_2)
FN:20,(anonymous_3)
FN:30,(anonymous_4)
FN:119,(anonymous_5)
FN:212,(anonymous_6)
FNF:7
FNH:7
FNDA:9,(anonymous_0)
FNDA:3,(anonymous_1)
FNDA:3,(anonymous_2)
FNDA:2,(anonymous_3)
FNDA:28,(anonymous_4)
FNDA:15,(anonymous_5)
FNDA:4,(anonymous_6)
DA:1,1
DA:2,1
DA:6,9
DA:7,9
DA:8,9
DA:9,9
DA:18,1
DA:19,3
DA:20,3
DA:21,2
DA:25,2
DA:30,1
DA:31,28
DA:32,28
DA:34,28
DA:35,2
DA:38,2
DA:41,26
DA:50,6
DA:53,6
DA:56,20
DA:63,5
DA:66,5
DA:74,15
DA:80,4
DA:83,4
DA:91,11
DA:92,1
DA:93,1
DA:96,10
DA:98,10
DA:101,10
DA:119,1
DA:120,15
DA:122,15
DA:123,5
DA:124,1
DA:128,1
DA:131,4
DA:132,1
DA:136,1
DA:139,3
DA:143,2
DA:146,2
DA:149,1
DA:153,1
DA:156,10
DA:157,10
DA:159,10
DA:160,2
DA:167,2
DA:170,8
DA:171,1
DA:174,1
DA:179,7
DA:180,2
DA:181,2
DA:185,2
DA:188,5
DA:189,4
DA:193,4
DA:196,1
DA:200,1
DA:212,1
DA:213,4
DA:218,4
DA:219,2
DA:222,2
DA:225,1
LF:69
LH:69
BRDA:5,0,0,6
BRDA:30,1,0,1
BRDA:31,2,0,28
BRDA:31,2,1,2
BRDA:32,3,0,27
BRDA:32,3,1,1
BRDA:34,4,0,2
BRDA:34,4,1,26
BRDA:41,5,0,6
BRDA:41,5,1,20
BRDA:42,6,0,26
BRDA:42,6,1,25
BRDA:42,6,2,24
BRDA:42,6,3,23
BRDA:42,6,4,22
BRDA:42,6,5,22
BRDA:42,6,6,21
BRDA:56,7,0,5
BRDA:56,7,1,15
BRDA:57,8,0,20
BRDA:57,8,1,19
BRDA:57,8,2,18
BRDA:57,8,3,17
BRDA:57,8,4,16
BRDA:74,9,0,4
BRDA:74,9,1,11
BRDA:75,10,0,15
BRDA:75,10,1,14
BRDA:75,10,2,13
BRDA:75,10,3,12
BRDA:91,11,0,1
BRDA:91,11,1,10
BRDA:98,12,0,1
BRDA:98,12,1,9
BRDA:119,13,0,1
BRDA:120,14,0,13
BRDA:122,15,0,5
BRDA:122,15,1,10
BRDA:123,16,0,1
BRDA:123,16,1,4
BRDA:131,17,0,1
BRDA:131,17,1,3
BRDA:139,18,0,2
BRDA:139,18,1,1
BRDA:140,19,0,3
BRDA:140,19,1,1
BRDA:159,20,0,2
BRDA:159,20,1,8
BRDA:159,21,0,10
BRDA:159,21,1,9
BRDA:170,22,0,1
BRDA:170,22,1,7
BRDA:179,23,0,2
BRDA:179,23,1,5
BRDA:180,24,0,2
BRDA:180,24,1,1
BRDA:188,25,0,4
BRDA:188,25,1,1
BRDA:191,26,0,4
BRDA:191,26,1,1
BRDA:218,27,0,2
BRDA:218,27,1,2
BRF:62
BRH:62
end_of_record
TN:
SF:src\utils\logger.js
FN:23,(anonymous_0)
FN:41,(anonymous_1)
FN:51,(anonymous_2)
FN:70,(anonymous_3)
FN:108,(anonymous_4)
FN:117,(anonymous_5)
FN:126,(anonymous_6)
FN:135,(anonymous_7)
FNF:8
FNH:8
FNDA:87,(anonymous_0)
FNDA:63,(anonymous_1)
FNDA:63,(anonymous_2)
FNDA:24,(anonymous_3)
FNDA:5,(anonymous_4)
FNDA:38,(anonymous_5)
FNDA:9,(anonymous_6)
FNDA:11,(anonymous_7)
DA:1,12
DA:8,12
DA:23,12
DA:24,87
DA:26,86
DA:28,86
DA:29,86
DA:30,86
DA:31,86
DA:32,86
DA:34,86
DA:41,12
DA:42,63
DA:51,12
DA:52,63
DA:53,63
DA:55,63
DA:57,63
DA:58,24
DA:60,24
DA:61,4
DA:62,20
DA:63,6
DA:68,14
DA:69,11
DA:70,11
DA:71,24
DA:72,14
DA:77,24
DA:80,63
DA:82,11
DA:83,11
DA:85,9
DA:86,9
DA:88,5
DA:89,4
DA:91,5
DA:94,38
DA:95,38
DA:102,12
DA:109,5
DA:118,38
DA:127,9
DA:136,11
DA:140,12
LF:45
LH:45
BRDA:24,0,0,1
BRDA:24,0,1,86
BRDA:51,1,0,36
BRDA:57,2,0,24
BRDA:57,2,1,39
BRDA:60,3,0,4
BRDA:60,3,1,20
BRDA:62,4,0,6
BRDA:62,4,1,14
BRDA:66,5,0,1
BRDA:66,5,1,5
BRDA:68,6,0,11
BRDA:68,6,1,3
BRDA:71,7,0,14
BRDA:71,7,1,10
BRDA:80,8,0,11
BRDA:80,8,1,9
BRDA:80,8,2,5
BRDA:80,8,3,38
BRDA:80,8,4,38
BRDA:88,9,0,4
BRDA:88,9,1,1
BRF:22
BRH:22
end_of_record
TN:
SF:src\utils\responseHandler.js
FN:11,(anonymous_0)
FN:37,(anonymous_1)
FN:56,(anonymous_2)
FN:82,(anonymous_3)
FNF:4
FNH:4
FNDA:16,(anonymous_0)
FNDA:24,(anonymous_1)
FNDA:27,(anonymous_2)
FNDA:18,(anonymous_3)
DA:1,9
DA:11,9
DA:12,16
DA:17,16
DA:18,2
DA:21,16
DA:22,3
DA:25,16
DA:37,9
DA:39,24
DA:44,24
DA:50,24
DA:51,2
DA:52,22
DA:55,11
DA:56,11
DA:57,27
DA:59,27
DA:63,13
DA:67,11
DA:68,10
DA:72,24
DA:82,9
DA:84,18
DA:86,18
DA:92,18
DA:93,8
DA:94,2
DA:95,6
DA:96,3
DA:100,18
DA:103,9
LF:32
LH:32
BRDA:11,0,0,13
BRDA:17,1,0,2
BRDA:17,1,1,14
BRDA:21,2,0,3
BRDA:21,2,1,13
BRDA:37,3,0,10
BRDA:37,4,0,23
BRDA:50,5,0,2
BRDA:50,5,1,22
BRDA:52,6,0,11
BRDA:52,6,1,11
BRDA:52,7,0,22
BRDA:52,7,1,22
BRDA:59,8,0,13
BRDA:59,8,1,14
BRDA:59,9,0,27
BRDA:59,9,1,22
BRDA:59,9,2,18
BRDA:59,9,3,15
BRDA:67,10,0,10
BRDA:67,10,1,1
BRDA:82,11,0,9
BRDA:92,12,0,8
BRDA:92,12,1,10
BRDA:93,13,0,2
BRDA:93,13,1,6
BRDA:95,14,0,3
BRDA:95,14,1,3
BRF:28
BRH:28
end_of_record
TN:
SF:src\utils\validators.js
FN:10,(anonymous_0)
FN:26,(anonymous_1)
FN:36,(anonymous_2)
FN:45,(anonymous_3)
FN:56,(anonymous_4)
FN:67,(anonymous_5)
FN:79,(anonymous_6)
FNF:7
FNH:7
FNDA:139,(anonymous_0)
FNDA:14,(anonymous_1)
FNDA:10,(anonymous_2)
FNDA:13,(anonymous_3)
FNDA:13,(anonymous_4)
FNDA:10,(anonymous_5)
FNDA:15,(anonymous_6)
DA:10,2
DA:11,139
DA:12,18
DA:15,121
DA:16,42
DA:26,2
DA:27,14
DA:28,9
DA:36,2
DA:37,10
DA:45,2
DA:46,13
DA:47,9
DA:56,2
DA:57,13
DA:58,9
DA:67,2
DA:68,10
DA:69,5
DA:79,2
DA:80,15
DA:81,25
DA:82,7
DA:87,2
LF:24
LH:24
BRDA:11,0,0,18
BRDA:11,0,1,121
BRDA:15,1,0,42
BRDA:15,1,1,79
BRDA:15,2,0,121
BRDA:15,2,1,98
BRDA:46,3,0,9
BRDA:46,3,1,4
BRDA:46,4,0,13
BRDA:46,4,1,11
BRDA:57,5,0,9
BRDA:57,5,1,4
BRDA:57,6,0,13
BRDA:57,6,1,11
BRDA:68,7,0,5
BRDA:68,7,1,5
BRDA:81,8,0,7
BRDA:81,8,1,18
BRDA:81,9,0,25
BRDA:81,9,1,20
BRDA:81,9,2,19
BRF:21
BRH:21
end_of_record
